#
# There is insufficient memory for the Java Runtime Environment to continue.
# Native memory allocation (malloc) failed to allocate 831440 bytes for Chunk::new
# Possible reasons:
#   The system is out of physical RAM or swap space
#   The process is running with CompressedOops enabled, and the Java Heap may be blocking the growth of the native heap
# Possible solutions:
#   Reduce memory load on the system
#   Increase physical memory or swap space
#   Check if swap backing store is full
#   Decrease Java heap size (-Xmx/-Xms)
#   Decrease number of Java threads
#   Decrease Java thread stack sizes (-Xss)
#   Set larger code cache with -XX:ReservedCodeCacheSize=
#   JVM is running with Unscaled Compressed Oops mode in which the Java heap is
#     placed in the first 4GB address space. The Java Heap base address is the
#     maximum limit for the native heap growth. Please use -XX:HeapBaseMinAddress
#     to set the Java Heap base and to place the Java Heap above 4GB virtual address.
# This output file may be truncated or incomplete.
#
#  Out of Memory Error (arena.cpp:189), pid=10436, tid=15816
#
# JRE version: OpenJDK Runtime Environment Temurin-17.0.6+10 (17.0.6+10) (build 17.0.6+10)
# Java VM: OpenJDK 64-Bit Server VM Temurin-17.0.6+10 (17.0.6+10, mixed mode, tiered, compressed oops, compressed class ptrs, parallel gc, windows-amd64)
# No core dump will be written. Minidumps are not enabled by default on client versions of Windows
#

---------------  S U M M A R Y ------------

Command Line: --add-modules=ALL-SYSTEM --add-opens=java.base/java.util=ALL-UNNAMED --add-opens=java.base/java.lang=ALL-UNNAMED --add-opens=java.base/sun.nio.fs=ALL-UNNAMED -Declipse.application=org.eclipse.jdt.ls.core.id1 -Dosgi.bundles.defaultStartLevel=4 -Declipse.product=org.eclipse.jdt.ls.core.product -Djava.import.generatesMetadataFilesAtProjectRoot=false -Dfile.encoding=utf8 -XX:+UseParallelGC -XX:GCTimeRatio=4 -XX:AdaptiveSizePolicyWeight=90 -Dsun.zip.disableMemoryMapping=true -Xmx1G -Xms100m -Xlog:disable -javaagent:c:\Users\남유찬\.vscode\extensions\redhat.java-1.17.0-win32-x64\lombok\lombok-1.18.24.jar -XX:+HeapDumpOnOutOfMemoryError -XX:HeapDumpPath=c:\Users\남유찬\AppData\Roaming\Code\User\workspaceStorage\66f2d1981fec2df113eeb0e08de2089d\redhat.java -Daether.dependencyCollector.impl=bf c:\Users\남유찬\.vscode\extensions\redhat.java-1.17.0-win32-x64\server\plugins\org.eclipse.equinox.launcher_1.6.400.v20210924-0641.jar -configuration c:\Users\남유찬\AppData\Roaming\Code\User\globalStorage\redhat.java\1.17.0\config_win -data c:\Users\남유찬\AppData\Roaming\Code\User\workspaceStorage\66f2d1981fec2df113eeb0e08de2089d\redhat.java\jdt_ws

Host: Intel(R) Core(TM) i5-8265U CPU @ 1.60GHz, 8 cores, 7G,  Windows 10 , 64 bit Build 19041 (10.0.19041.2788)
Time: Sat Apr 22 17:52:06 2023  Windows 10 , 64 bit Build 19041 (10.0.19041.2788) elapsed time: 12.143725 seconds (0d 0h 0m 12s)

---------------  T H R E A D  ---------------

Current thread (0x0000023fe232f3b0):  JavaThread "C2 CompilerThread2" daemon [_thread_in_native, id=15816, stack(0x000000ae48100000,0x000000ae48200000)]


Current CompileTask:
C2:  12144 6186       4       org.eclipse.jdt.internal.core.search.indexing.AbstractIndexer::addClassDeclaration (122 bytes)

Stack: [0x000000ae48100000,0x000000ae48200000]
Native frames: (J=compiled Java code, j=interpreted, Vv=VM code, C=native code)
V  [jvm.dll+0x67741a]
V  [jvm.dll+0x834434]
V  [jvm.dll+0x835bde]
V  [jvm.dll+0x836243]
V  [jvm.dll+0x2457b5]
V  [jvm.dll+0xabafc]
V  [jvm.dll+0xac0cc]
V  [jvm.dll+0x3634e7]
V  [jvm.dll+0x32dda1]
V  [jvm.dll+0x32d24a]
V  [jvm.dll+0x2185f1]
V  [jvm.dll+0x217a11]
V  [jvm.dll+0x1a3d0d]
V  [jvm.dll+0x22742a]
V  [jvm.dll+0x225565]
V  [jvm.dll+0x7ea2cb]
V  [jvm.dll+0x7e483a]
V  [jvm.dll+0x6762c5]
C  [ucrtbase.dll+0x21bb2]
C  [KERNEL32.DLL+0x17604]
C  [ntdll.dll+0x526a1]


---------------  P R O C E S S  ---------------

Threads class SMR info:
_java_thread_list=0x0000023fecd80870, length=30, elements={
0x0000023fc5f5fca0, 0x0000023fd9de3750, 0x0000023fd9de4df0, 0x0000023fdb974130,
0x0000023fdb974eb0, 0x0000023fdb948280, 0x0000023fdb94fc10, 0x0000023fd9de8b60,
0x0000023fd9de9c00, 0x0000023fd9ded490, 0x0000023fdba944a0, 0x0000023fdbb9e1f0,
0x0000023fe04e90f0, 0x0000023fe07e38d0, 0x0000023fe08c07a0, 0x0000023fe0c6f340,
0x0000023fe0a8ecf0, 0x0000023fe0913630, 0x0000023fe0784d70, 0x0000023fe075cc30,
0x0000023fe075d100, 0x0000023fe075daa0, 0x0000023fe232f3b0, 0x0000023fe075d5d0,
0x0000023fe075df70, 0x0000023fe075e440, 0x0000023fe2baf0d0, 0x0000023fe2baf5a0,
0x0000023fe2bac580, 0x0000023fe2bae260
}

Java Threads: ( => current thread )
  0x0000023fc5f5fca0 JavaThread "main" [_thread_blocked, id=12628, stack(0x000000ae46000000,0x000000ae46100000)]
  0x0000023fd9de3750 JavaThread "Reference Handler" daemon [_thread_blocked, id=13964, stack(0x000000ae46300000,0x000000ae46400000)]
  0x0000023fd9de4df0 JavaThread "Finalizer" daemon [_thread_blocked, id=11952, stack(0x000000ae46400000,0x000000ae46500000)]
  0x0000023fdb974130 JavaThread "Signal Dispatcher" daemon [_thread_blocked, id=9056, stack(0x000000ae46500000,0x000000ae46600000)]
  0x0000023fdb974eb0 JavaThread "Attach Listener" daemon [_thread_blocked, id=16140, stack(0x000000ae46600000,0x000000ae46700000)]
  0x0000023fdb948280 JavaThread "Service Thread" daemon [_thread_blocked, id=2148, stack(0x000000ae46700000,0x000000ae46800000)]
  0x0000023fdb94fc10 JavaThread "Monitor Deflation Thread" daemon [_thread_blocked, id=16912, stack(0x000000ae46800000,0x000000ae46900000)]
  0x0000023fd9de8b60 JavaThread "C2 CompilerThread0" daemon [_thread_in_native, id=15016, stack(0x000000ae46900000,0x000000ae46a00000)]
  0x0000023fd9de9c00 JavaThread "C1 CompilerThread0" daemon [_thread_blocked, id=3368, stack(0x000000ae46a00000,0x000000ae46b00000)]
  0x0000023fd9ded490 JavaThread "Sweeper thread" daemon [_thread_blocked, id=14132, stack(0x000000ae46b00000,0x000000ae46c00000)]
  0x0000023fdba944a0 JavaThread "Common-Cleaner" daemon [_thread_blocked, id=5480, stack(0x000000ae46c00000,0x000000ae46d00000)]
  0x0000023fdbb9e1f0 JavaThread "Notification Thread" daemon [_thread_blocked, id=6280, stack(0x000000ae46d00000,0x000000ae46e00000)]
  0x0000023fe04e90f0 JavaThread "Active Thread: Equinox Container: f1ed289c-f3d9-48cb-8d9e-43e561b50973" [_thread_blocked, id=7380, stack(0x000000ae47700000,0x000000ae47800000)]
  0x0000023fe07e38d0 JavaThread "Framework Event Dispatcher: Equinox Container: f1ed289c-f3d9-48cb-8d9e-43e561b50973" daemon [_thread_blocked, id=2496, stack(0x000000ae47800000,0x000000ae47900000)]
  0x0000023fe08c07a0 JavaThread "Start Level: Equinox Container: f1ed289c-f3d9-48cb-8d9e-43e561b50973" daemon [_thread_blocked, id=17792, stack(0x000000ae47900000,0x000000ae47a00000)]
  0x0000023fe0c6f340 JavaThread "SCR Component Actor" daemon [_thread_blocked, id=8000, stack(0x000000ae47a00000,0x000000ae47b00000)]
  0x0000023fe0a8ecf0 JavaThread "C2 CompilerThread1" daemon [_thread_in_native, id=16176, stack(0x000000ae46f00000,0x000000ae47000000)]
  0x0000023fe0913630 JavaThread "Worker-JM" [_thread_blocked, id=18952, stack(0x000000ae47000000,0x000000ae47100000)]
  0x0000023fe0784d70 JavaThread "Worker-0" [_thread_blocked, id=14936, stack(0x000000ae47d00000,0x000000ae47e00000)]
  0x0000023fe075cc30 JavaThread "Worker-1: Publish Diagnostics" [_thread_in_vm, id=15676, stack(0x000000ae47e00000,0x000000ae47f00000)]
  0x0000023fe075d100 JavaThread "Worker-2: Java indexing... " [_thread_blocked, id=18208, stack(0x000000ae47f00000,0x000000ae48000000)]
  0x0000023fe075daa0 JavaThread "Java indexing" daemon [_thread_in_native, id=16432, stack(0x000000ae48000000,0x000000ae48100000)]
=>0x0000023fe232f3b0 JavaThread "C2 CompilerThread2" daemon [_thread_in_native, id=15816, stack(0x000000ae48100000,0x000000ae48200000)]
  0x0000023fe075d5d0 JavaThread "Worker-3" [_thread_blocked, id=844, stack(0x000000ae48200000,0x000000ae48300000)]
  0x0000023fe075df70 JavaThread "Worker-4" [_thread_blocked, id=7452, stack(0x000000ae48300000,0x000000ae48400000)]
  0x0000023fe075e440 JavaThread "Worker-5" [_thread_blocked, id=16088, stack(0x000000ae48400000,0x000000ae48500000)]
  0x0000023fe2baf0d0 JavaThread "JNA Cleaner" daemon [_thread_blocked, id=8980, stack(0x000000ae48500000,0x000000ae48600000)]
  0x0000023fe2baf5a0 JavaThread "Worker-6: Initialize workspace" [_thread_blocked, id=15568, stack(0x000000ae48600000,0x000000ae48700000)]
  0x0000023fe2bac580 JavaThread "pool-2-thread-1" [_thread_blocked, id=19072, stack(0x000000ae48700000,0x000000ae48800000)]
  0x0000023fe2bae260 JavaThread "pool-1-thread-1" [_thread_in_native, id=16632, stack(0x000000ae48800000,0x000000ae48900000)]

Other Threads:
  0x0000023fdb921c30 VMThread "VM Thread" [stack: 0x000000ae46200000,0x000000ae46300000] [id=3732]
  0x0000023fdbb9f030 WatcherThread [stack: 0x000000ae46e00000,0x000000ae46f00000] [id=13480]
  0x0000023fc5f75e60 GCTaskThread "GC Thread#0" [stack: 0x000000ae46100000,0x000000ae46200000] [id=15928]
  0x0000023fe0468020 GCTaskThread "GC Thread#1" [stack: 0x000000ae47100000,0x000000ae47200000] [id=7268]
  0x0000023fdbb98450 GCTaskThread "GC Thread#2" [stack: 0x000000ae47200000,0x000000ae47300000] [id=18160]
  0x0000023fdbb98700 GCTaskThread "GC Thread#3" [stack: 0x000000ae47300000,0x000000ae47400000] [id=9236]
  0x0000023fdbb989b0 GCTaskThread "GC Thread#4" [stack: 0x000000ae47400000,0x000000ae47500000] [id=11888]
  0x0000023fdbb98c60 GCTaskThread "GC Thread#5" [stack: 0x000000ae47500000,0x000000ae47600000] [id=4316]
  0x0000023fdbb98f10 GCTaskThread "GC Thread#6" [stack: 0x000000ae47600000,0x000000ae47700000] [id=6584]
  0x0000023fe084aa60 GCTaskThread "GC Thread#7" [stack: 0x000000ae47b00000,0x000000ae47c00000] [id=1500]

Threads with active compile tasks:
C2 CompilerThread0    12303 6191   !   4       org.eclipse.osgi.internal.loader.classpath.ClasspathManager::findLocalClass (210 bytes)
C2 CompilerThread1    12303 6180       4       jdk.internal.module.SystemModuleFinders$SystemModuleReader::find (59 bytes)
C2 CompilerThread2    12303 6186       4       org.eclipse.jdt.internal.core.search.indexing.AbstractIndexer::addClassDeclaration (122 bytes)

VM state: not at safepoint (normal execution)

VM Mutex/Monitor currently owned by a thread:  ([mutex/lock_event])
[0x0000023fc5f5a8a0] Metaspace_lock - owner thread: 0x0000023fe075cc30

Heap address: 0x00000000c0000000, size: 1024 MB, Compressed Oops mode: 32-bit

CDS archive(s) not mapped
Compressed class space mapped at: 0x0000000100000000-0x0000000140000000, reserved size: 1073741824
Narrow klass base: 0x0000000000000000, Narrow klass shift: 3, Narrow klass range: 0x140000000

GC Precious Log:
 CPUs: 8 total, 8 available
 Memory: 7986M
 Large Page Support: Disabled
 NUMA Support: Disabled
 Compressed Oops: Enabled (32-bit)
 Alignments: Space 512K, Generation 512K, Heap 2M
 Heap Min Capacity: 100M
 Heap Initial Capacity: 100M
 Heap Max Capacity: 1G
 Pre-touch: Disabled
 Parallel Workers: 8

Heap:
 PSYoungGen      total 8192K, used 7516K [0x00000000eab00000, 0x00000000eb580000, 0x0000000100000000)
  eden space 6656K, 91% used [0x00000000eab00000,0x00000000eb0ec458,0x00000000eb180000)
  from space 1536K, 94% used [0x00000000eb380000,0x00000000eb4ecc70,0x00000000eb500000)
  to   space 2048K, 0% used [0x00000000eb180000,0x00000000eb180000,0x00000000eb380000)
 ParOldGen       total 118784K, used 110148K [0x00000000c0000000, 0x00000000c7400000, 0x00000000eab00000)
  object space 118784K, 92% used [0x00000000c0000000,0x00000000c6b91168,0x00000000c7400000)
 Metaspace       used 56735K, committed 57600K, reserved 1105920K
  class space    used 6164K, committed 6528K, reserved 1048576K

Card table byte_map: [0x0000023fc5910000,0x0000023fc5b20000] _byte_map_base: 0x0000023fc5310000

Marking Bits: (ParMarkBitMap*) 0x00007ffc3ef53e70
 Begin Bits: [0x0000023fd7bf0000, 0x0000023fd8bf0000)
 End Bits:   [0x0000023fd8bf0000, 0x0000023fd9bf0000)

Polling page: 0x0000023fc3d80000

Metaspace:

Usage:
  Non-class:     49.39 MB used.
      Class:      6.02 MB used.
       Both:     55.41 MB used.

Virtual space:
  Non-class space:       56.00 MB reserved,      49.88 MB ( 89%) committed,  7 nodes.
      Class space:        1.00 GB reserved,       6.38 MB ( <1%) committed,  1 nodes.
             Both:        1.05 GB reserved,      56.25 MB (  5%) committed. 

Chunk freelists:
   Non-Class:  1.86 MB
       Class:  1.62 MB
        Both:  3.48 MB

MaxMetaspaceSize: unlimited
CompressedClassSpaceSize: 1.00 GB
Initial GC threshold: 21.00 MB
Current GC threshold: 91.56 MB
CDS: off
MetaspaceReclaimPolicy: balanced
 - commit_granule_bytes: 65536.
 - commit_granule_words: 8192.
 - virtual_space_node_default_size: 1048576.
 - enlarge_chunks_in_place: 1.
 - new_chunks_are_fully_committed: 0.
 - uncommit_free_chunks: 1.
 - use_allocation_guard: 0.
 - handle_deallocations: 1.


Internal statistics:

num_allocs_failed_limit: 8.
num_arena_births: 382.
num_arena_deaths: 14.
num_vsnodes_births: 8.
num_vsnodes_deaths: 0.
num_space_committed: 900.
num_space_uncommitted: 0.
num_chunks_returned_to_freelist: 22.
num_chunks_taken_from_freelist: 2545.
num_chunk_merges: 12.
num_chunk_splits: 1615.
num_chunks_enlarged: 969.
num_purges: 2.
num_inconsistent_stats: 0.

CodeHeap 'non-profiled nmethods': size=120000Kb used=3361Kb max_used=3361Kb free=116638Kb
 bounds [0x0000023fd06c0000, 0x0000023fd0a10000, 0x0000023fd7bf0000]
CodeHeap 'profiled nmethods': size=120000Kb used=10460Kb max_used=10489Kb free=109539Kb
 bounds [0x0000023fc8bf0000, 0x0000023fc9690000, 0x0000023fd0120000]
CodeHeap 'non-nmethods': size=5760Kb used=1317Kb max_used=1489Kb free=4442Kb
 bounds [0x0000023fd0120000, 0x0000023fd0390000, 0x0000023fd06c0000]
 total_blobs=6011 nmethods=5357 adapters=568
 compilation: enabled
              stopped_count=0, restarted_count=0
 full_count=0

Compilation events (20 events):
Event: 11.915 Thread 0x0000023fe0a8ecf0 nmethod 6143 0x0000023fd09f7c10 code [0x0000023fd09f7de0, 0x0000023fd09f87c8]
Event: 11.915 Thread 0x0000023fe0a8ecf0 6183       4       org.eclipse.jdt.internal.compiler.parser.Scanner::scanIdentifier (504 bytes)
Event: 11.926 Thread 0x0000023fe0a8ecf0 nmethod 6183 0x0000023fd09f8d10 code [0x0000023fd09f8ee0, 0x0000023fd09f9288]
Event: 11.927 Thread 0x0000023fe0a8ecf0 6176       4       jdk.internal.jimage.ImageStringsReader::hashCode (33 bytes)
Event: 11.957 Thread 0x0000023fd9de9c00 6185       3       org.eclipse.jdt.internal.compiler.classfmt.ClassFileReader::getInnerSourceName (17 bytes)
Event: 11.958 Thread 0x0000023fd9de9c00 nmethod 6185 0x0000023fc8c07190 code [0x0000023fc8c07340, 0x0000023fc8c074e8]
Event: 11.962 Thread 0x0000023fe0a8ecf0 nmethod 6176 0x0000023fd09f9690 code [0x0000023fd09f9820, 0x0000023fd09fa018]
Event: 11.962 Thread 0x0000023fe0a8ecf0 6184       4       org.eclipse.jdt.core.Signature::checkNextChar (42 bytes)
Event: 11.966 Thread 0x0000023fe0a8ecf0 nmethod 6184 0x0000023fd09fa310 code [0x0000023fd09fa4a0, 0x0000023fd09fa658]
Event: 11.966 Thread 0x0000023fe0a8ecf0 6180       4       jdk.internal.module.SystemModuleFinders$SystemModuleReader::find (59 bytes)
Event: 11.994 Thread 0x0000023fe232f3b0 nmethod 6152 0x0000023fd09fa890 code [0x0000023fd09fab00, 0x0000023fd09fdbb8]
Event: 11.994 Thread 0x0000023fe232f3b0 6186       4       org.eclipse.jdt.internal.core.search.indexing.AbstractIndexer::addClassDeclaration (122 bytes)
Event: 12.016 Thread 0x0000023fd9de9c00 6190       3       lombok.launch.ShadowClassLoader::exclusionListMatch (44 bytes)
Event: 12.017 Thread 0x0000023fd9de9c00 nmethod 6190 0x0000023fc8c06590 code [0x0000023fc8c06780, 0x0000023fc8c06d98]
Event: 12.019 Thread 0x0000023fd9de9c00 6192       3       lombok.launch.ShadowClassLoader::partOfShadow (46 bytes)
Event: 12.020 Thread 0x0000023fd9de9c00 nmethod 6192 0x0000023fc90d2190 code [0x0000023fc90d2380, 0x0000023fc90d2798]
Event: 12.044 Thread 0x0000023fd9de8b60 nmethod 6150 0x0000023fd09ff690 code [0x0000023fd09ff9c0, 0x0000023fd0a01e08]
Event: 12.045 Thread 0x0000023fd9de8b60 6189       4       org.eclipse.jdt.core.Signature::encodeQualifiedName (207 bytes)
Event: 12.082 Thread 0x0000023fd9de8b60 nmethod 6189 0x0000023fd0a03f10 code [0x0000023fd0a040e0, 0x0000023fd0a054a8]
Event: 12.082 Thread 0x0000023fd9de8b60 6191   !   4       org.eclipse.osgi.internal.loader.classpath.ClasspathManager::findLocalClass (210 bytes)

GC Heap History (20 events):
Event: 11.281 GC heap before
{Heap before GC invocations=61 (full 4):
 PSYoungGen      total 8704K, used 8236K [0x00000000eab00000, 0x00000000eb580000, 0x0000000100000000)
  eden space 6656K, 100% used [0x00000000eab00000,0x00000000eb180000,0x00000000eb180000)
  from space 2048K, 77% used [0x00000000eb380000,0x00000000eb50b010,0x00000000eb580000)
  to   space 2048K, 0% used [0x00000000eb180000,0x00000000eb180000,0x00000000eb380000)
 ParOldGen       total 118784K, used 92650K [0x00000000c0000000, 0x00000000c7400000, 0x00000000eab00000)
  object space 118784K, 77% used [0x00000000c0000000,0x00000000c5a7abe8,0x00000000c7400000)
 Metaspace       used 55358K, committed 56256K, reserved 1105920K
  class space    used 6034K, committed 6400K, reserved 1048576K
}
Event: 11.283 GC heap after
{Heap after GC invocations=61 (full 4):
 PSYoungGen      total 8704K, used 2029K [0x00000000eab00000, 0x00000000eb880000, 0x0000000100000000)
  eden space 6656K, 0% used [0x00000000eab00000,0x00000000eab00000,0x00000000eb180000)
  from space 2048K, 99% used [0x00000000eb180000,0x00000000eb37b638,0x00000000eb380000)
  to   space 3584K, 0% used [0x00000000eb500000,0x00000000eb500000,0x00000000eb880000)
 ParOldGen       total 118784K, used 93656K [0x00000000c0000000, 0x00000000c7400000, 0x00000000eab00000)
  object space 118784K, 78% used [0x00000000c0000000,0x00000000c5b76160,0x00000000c7400000)
 Metaspace       used 55358K, committed 56256K, reserved 1105920K
  class space    used 6034K, committed 6400K, reserved 1048576K
}
Event: 11.387 GC heap before
{Heap before GC invocations=62 (full 4):
 PSYoungGen      total 8704K, used 8685K [0x00000000eab00000, 0x00000000eb880000, 0x0000000100000000)
  eden space 6656K, 100% used [0x00000000eab00000,0x00000000eb180000,0x00000000eb180000)
  from space 2048K, 99% used [0x00000000eb180000,0x00000000eb37b638,0x00000000eb380000)
  to   space 3584K, 0% used [0x00000000eb500000,0x00000000eb500000,0x00000000eb880000)
 ParOldGen       total 118784K, used 93656K [0x00000000c0000000, 0x00000000c7400000, 0x00000000eab00000)
  object space 118784K, 78% used [0x00000000c0000000,0x00000000c5b76160,0x00000000c7400000)
 Metaspace       used 55358K, committed 56256K, reserved 1105920K
  class space    used 6034K, committed 6400K, reserved 1048576K
}
Event: 11.393 GC heap after
{Heap after GC invocations=62 (full 4):
 PSYoungGen      total 9728K, used 2882K [0x00000000eab00000, 0x00000000eb800000, 0x0000000100000000)
  eden space 6656K, 0% used [0x00000000eab00000,0x00000000eab00000,0x00000000eb180000)
  from space 3072K, 93% used [0x00000000eb500000,0x00000000eb7d0890,0x00000000eb800000)
  to   space 3072K, 0% used [0x00000000eb200000,0x00000000eb200000,0x00000000eb500000)
 ParOldGen       total 118784K, used 95632K [0x00000000c0000000, 0x00000000c7400000, 0x00000000eab00000)
  object space 118784K, 80% used [0x00000000c0000000,0x00000000c5d641f0,0x00000000c7400000)
 Metaspace       used 55358K, committed 56256K, reserved 1105920K
  class space    used 6034K, committed 6400K, reserved 1048576K
}
Event: 11.462 GC heap before
{Heap before GC invocations=63 (full 4):
 PSYoungGen      total 9728K, used 9538K [0x00000000eab00000, 0x00000000eb800000, 0x0000000100000000)
  eden space 6656K, 100% used [0x00000000eab00000,0x00000000eb180000,0x00000000eb180000)
  from space 3072K, 93% used [0x00000000eb500000,0x00000000eb7d0890,0x00000000eb800000)
  to   space 3072K, 0% used [0x00000000eb200000,0x00000000eb200000,0x00000000eb500000)
 ParOldGen       total 118784K, used 95632K [0x00000000c0000000, 0x00000000c7400000, 0x00000000eab00000)
  object space 118784K, 80% used [0x00000000c0000000,0x00000000c5d641f0,0x00000000c7400000)
 Metaspace       used 55462K, committed 56320K, reserved 1105920K
  class space    used 6048K, committed 6400K, reserved 1048576K
}
Event: 11.466 GC heap after
{Heap after GC invocations=63 (full 4):
 PSYoungGen      total 9728K, used 3063K [0x00000000eab00000, 0x00000000eba80000, 0x0000000100000000)
  eden space 6656K, 0% used [0x00000000eab00000,0x00000000eab00000,0x00000000eb180000)
  from space 3072K, 99% used [0x00000000eb200000,0x00000000eb4fddc0,0x00000000eb500000)
  to   space 4608K, 0% used [0x00000000eb600000,0x00000000eb600000,0x00000000eba80000)
 ParOldGen       total 118784K, used 96757K [0x00000000c0000000, 0x00000000c7400000, 0x00000000eab00000)
  object space 118784K, 81% used [0x00000000c0000000,0x00000000c5e7d7f8,0x00000000c7400000)
 Metaspace       used 55462K, committed 56320K, reserved 1105920K
  class space    used 6048K, committed 6400K, reserved 1048576K
}
Event: 11.544 GC heap before
{Heap before GC invocations=64 (full 4):
 PSYoungGen      total 9728K, used 9716K [0x00000000eab00000, 0x00000000eba80000, 0x0000000100000000)
  eden space 6656K, 99% used [0x00000000eab00000,0x00000000eb17f570,0x00000000eb180000)
  from space 3072K, 99% used [0x00000000eb200000,0x00000000eb4fddc0,0x00000000eb500000)
  to   space 4608K, 0% used [0x00000000eb600000,0x00000000eb600000,0x00000000eba80000)
 ParOldGen       total 118784K, used 96757K [0x00000000c0000000, 0x00000000c7400000, 0x00000000eab00000)
  object space 118784K, 81% used [0x00000000c0000000,0x00000000c5e7d7f8,0x00000000c7400000)
 Metaspace       used 55464K, committed 56320K, reserved 1105920K
  class space    used 6048K, committed 6400K, reserved 1048576K
}
Event: 11.551 GC heap after
{Heap after GC invocations=64 (full 4):
 PSYoungGen      total 8704K, used 1539K [0x00000000eab00000, 0x00000000eb800000, 0x0000000100000000)
  eden space 6656K, 0% used [0x00000000eab00000,0x00000000eab00000,0x00000000eb180000)
  from space 2048K, 75% used [0x00000000eb600000,0x00000000eb780c50,0x00000000eb800000)
  to   space 2560K, 0% used [0x00000000eb300000,0x00000000eb300000,0x00000000eb580000)
 ParOldGen       total 118784K, used 99834K [0x00000000c0000000, 0x00000000c7400000, 0x00000000eab00000)
  object space 118784K, 84% used [0x00000000c0000000,0x00000000c617eac8,0x00000000c7400000)
 Metaspace       used 55464K, committed 56320K, reserved 1105920K
  class space    used 6048K, committed 6400K, reserved 1048576K
}
Event: 11.627 GC heap before
{Heap before GC invocations=65 (full 4):
 PSYoungGen      total 8704K, used 8195K [0x00000000eab00000, 0x00000000eb800000, 0x0000000100000000)
  eden space 6656K, 100% used [0x00000000eab00000,0x00000000eb180000,0x00000000eb180000)
  from space 2048K, 75% used [0x00000000eb600000,0x00000000eb780c50,0x00000000eb800000)
  to   space 2560K, 0% used [0x00000000eb300000,0x00000000eb300000,0x00000000eb580000)
 ParOldGen       total 118784K, used 99834K [0x00000000c0000000, 0x00000000c7400000, 0x00000000eab00000)
  object space 118784K, 84% used [0x00000000c0000000,0x00000000c617eac8,0x00000000c7400000)
 Metaspace       used 55464K, committed 56320K, reserved 1105920K
  class space    used 6048K, committed 6400K, reserved 1048576K
}
Event: 11.631 GC heap after
{Heap after GC invocations=65 (full 4):
 PSYoungGen      total 8192K, used 1448K [0x00000000eab00000, 0x00000000eb680000, 0x0000000100000000)
  eden space 6656K, 0% used [0x00000000eab00000,0x00000000eab00000,0x00000000eb180000)
  from space 1536K, 94% used [0x00000000eb300000,0x00000000eb46a320,0x00000000eb480000)
  to   space 2048K, 0% used [0x00000000eb480000,0x00000000eb480000,0x00000000eb680000)
 ParOldGen       total 118784K, used 101254K [0x00000000c0000000, 0x00000000c7400000, 0x00000000eab00000)
  object space 118784K, 85% used [0x00000000c0000000,0x00000000c62e1bf0,0x00000000c7400000)
 Metaspace       used 55464K, committed 56320K, reserved 1105920K
  class space    used 6048K, committed 6400K, reserved 1048576K
}
Event: 11.710 GC heap before
{Heap before GC invocations=66 (full 4):
 PSYoungGen      total 8192K, used 8096K [0x00000000eab00000, 0x00000000eb680000, 0x0000000100000000)
  eden space 6656K, 99% used [0x00000000eab00000,0x00000000eb17dd80,0x00000000eb180000)
  from space 1536K, 94% used [0x00000000eb300000,0x00000000eb46a320,0x00000000eb480000)
  to   space 2048K, 0% used [0x00000000eb480000,0x00000000eb480000,0x00000000eb680000)
 ParOldGen       total 118784K, used 101254K [0x00000000c0000000, 0x00000000c7400000, 0x00000000eab00000)
  object space 118784K, 85% used [0x00000000c0000000,0x00000000c62e1bf0,0x00000000c7400000)
 Metaspace       used 55563K, committed 56448K, reserved 1105920K
  class space    used 6056K, committed 6464K, reserved 1048576K
}
Event: 11.713 GC heap after
{Heap after GC invocations=66 (full 4):
 PSYoungGen      total 8192K, used 1348K [0x00000000eab00000, 0x00000000eb600000, 0x0000000100000000)
  eden space 6656K, 0% used [0x00000000eab00000,0x00000000eab00000,0x00000000eb180000)
  from space 1536K, 87% used [0x00000000eb480000,0x00000000eb5d1370,0x00000000eb600000)
  to   space 1536K, 0% used [0x00000000eb300000,0x00000000eb300000,0x00000000eb480000)
 ParOldGen       total 118784K, used 102624K [0x00000000c0000000, 0x00000000c7400000, 0x00000000eab00000)
  object space 118784K, 86% used [0x00000000c0000000,0x00000000c64381e8,0x00000000c7400000)
 Metaspace       used 55563K, committed 56448K, reserved 1105920K
  class space    used 6056K, committed 6464K, reserved 1048576K
}
Event: 11.779 GC heap before
{Heap before GC invocations=67 (full 4):
 PSYoungGen      total 8192K, used 8004K [0x00000000eab00000, 0x00000000eb600000, 0x0000000100000000)
  eden space 6656K, 100% used [0x00000000eab00000,0x00000000eb180000,0x00000000eb180000)
  from space 1536K, 87% used [0x00000000eb480000,0x00000000eb5d1370,0x00000000eb600000)
  to   space 1536K, 0% used [0x00000000eb300000,0x00000000eb300000,0x00000000eb480000)
 ParOldGen       total 118784K, used 102624K [0x00000000c0000000, 0x00000000c7400000, 0x00000000eab00000)
  object space 118784K, 86% used [0x00000000c0000000,0x00000000c64381e8,0x00000000c7400000)
 Metaspace       used 55777K, committed 56704K, reserved 1105920K
  class space    used 6072K, committed 6464K, reserved 1048576K
}
Event: 11.782 GC heap after
{Heap after GC invocations=67 (full 4):
 PSYoungGen      total 8192K, used 1360K [0x00000000eab00000, 0x00000000eb500000, 0x0000000100000000)
  eden space 6656K, 0% used [0x00000000eab00000,0x00000000eab00000,0x00000000eb180000)
  from space 1536K, 88% used [0x00000000eb300000,0x00000000eb454398,0x00000000eb480000)
  to   space 512K, 0% used [0x00000000eb480000,0x00000000eb480000,0x00000000eb500000)
 ParOldGen       total 118784K, used 103802K [0x00000000c0000000, 0x00000000c7400000, 0x00000000eab00000)
  object space 118784K, 87% used [0x00000000c0000000,0x00000000c655e998,0x00000000c7400000)
 Metaspace       used 55777K, committed 56704K, reserved 1105920K
  class space    used 6072K, committed 6464K, reserved 1048576K
}
Event: 11.874 GC heap before
{Heap before GC invocations=68 (full 4):
 PSYoungGen      total 8192K, used 8016K [0x00000000eab00000, 0x00000000eb500000, 0x0000000100000000)
  eden space 6656K, 100% used [0x00000000eab00000,0x00000000eb180000,0x00000000eb180000)
  from space 1536K, 88% used [0x00000000eb300000,0x00000000eb454398,0x00000000eb480000)
  to   space 512K, 0% used [0x00000000eb480000,0x00000000eb480000,0x00000000eb500000)
 ParOldGen       total 118784K, used 103802K [0x00000000c0000000, 0x00000000c7400000, 0x00000000eab00000)
  object space 118784K, 87% used [0x00000000c0000000,0x00000000c655e998,0x00000000c7400000)
 Metaspace       used 55805K, committed 56704K, reserved 1105920K
  class space    used 6075K, committed 6464K, reserved 1048576K
}
Event: 11.877 GC heap after
{Heap after GC invocations=68 (full 4):
 PSYoungGen      total 7168K, used 507K [0x00000000eab00000, 0x00000000eb780000, 0x0000000100000000)
  eden space 6656K, 0% used [0x00000000eab00000,0x00000000eab00000,0x00000000eb180000)
  from space 512K, 99% used [0x00000000eb480000,0x00000000eb4fec48,0x00000000eb500000)
  to   space 3072K, 0% used [0x00000000eb180000,0x00000000eb180000,0x00000000eb480000)
 ParOldGen       total 118784K, used 105815K [0x00000000c0000000, 0x00000000c7400000, 0x00000000eab00000)
  object space 118784K, 89% used [0x00000000c0000000,0x00000000c6755fb8,0x00000000c7400000)
 Metaspace       used 55805K, committed 56704K, reserved 1105920K
  class space    used 6075K, committed 6464K, reserved 1048576K
}
Event: 11.968 GC heap before
{Heap before GC invocations=69 (full 4):
 PSYoungGen      total 7168K, used 7163K [0x00000000eab00000, 0x00000000eb780000, 0x0000000100000000)
  eden space 6656K, 100% used [0x00000000eab00000,0x00000000eb180000,0x00000000eb180000)
  from space 512K, 99% used [0x00000000eb480000,0x00000000eb4fec48,0x00000000eb500000)
  to   space 3072K, 0% used [0x00000000eb180000,0x00000000eb180000,0x00000000eb480000)
 ParOldGen       total 118784K, used 105815K [0x00000000c0000000, 0x00000000c7400000, 0x00000000eab00000)
  object space 118784K, 89% used [0x00000000c0000000,0x00000000c6755fb8,0x00000000c7400000)
 Metaspace       used 55886K, committed 56768K, reserved 1105920K
  class space    used 6076K, committed 6464K, reserved 1048576K
}
Event: 11.970 GC heap after
{Heap after GC invocations=69 (full 4):
 PSYoungGen      total 8192K, used 1396K [0x00000000eab00000, 0x00000000eb580000, 0x0000000100000000)
  eden space 6656K, 0% used [0x00000000eab00000,0x00000000eab00000,0x00000000eb180000)
  from space 1536K, 90% used [0x00000000eb180000,0x00000000eb2dd128,0x00000000eb300000)
  to   space 2048K, 0% used [0x00000000eb380000,0x00000000eb380000,0x00000000eb580000)
 ParOldGen       total 118784K, used 106340K [0x00000000c0000000, 0x00000000c7400000, 0x00000000eab00000)
  object space 118784K, 89% used [0x00000000c0000000,0x00000000c67d9368,0x00000000c7400000)
 Metaspace       used 55886K, committed 56768K, reserved 1105920K
  class space    used 6076K, committed 6464K, reserved 1048576K
}
Event: 12.118 GC heap before
{Heap before GC invocations=70 (full 4):
 PSYoungGen      total 8192K, used 8052K [0x00000000eab00000, 0x00000000eb580000, 0x0000000100000000)
  eden space 6656K, 100% used [0x00000000eab00000,0x00000000eb180000,0x00000000eb180000)
  from space 1536K, 90% used [0x00000000eb180000,0x00000000eb2dd128,0x00000000eb300000)
  to   space 2048K, 0% used [0x00000000eb380000,0x00000000eb380000,0x00000000eb580000)
 ParOldGen       total 118784K, used 106340K [0x00000000c0000000, 0x00000000c7400000, 0x00000000eab00000)
  object space 118784K, 89% used [0x00000000c0000000,0x00000000c67d9368,0x00000000c7400000)
 Metaspace       used 55923K, committed 56832K, reserved 1105920K
  class space    used 6077K, committed 6464K, reserved 1048576K
}
Event: 12.120 GC heap after
{Heap after GC invocations=70 (full 4):
 PSYoungGen      total 8192K, used 1324K [0x00000000eab00000, 0x00000000eb500000, 0x0000000100000000)
  eden space 6656K, 0% used [0x00000000eab00000,0x00000000eab00000,0x00000000eb180000)
  from space 1536K, 86% used [0x00000000eb380000,0x00000000eb4cb048,0x00000000eb500000)
  to   space 1536K, 0% used [0x00000000eb180000,0x00000000eb180000,0x00000000eb300000)
 ParOldGen       total 118784K, used 107653K [0x00000000c0000000, 0x00000000c7400000, 0x00000000eab00000)
  object space 118784K, 90% used [0x00000000c0000000,0x00000000c69216c8,0x00000000c7400000)
 Metaspace       used 55923K, committed 56832K, reserved 1105920K
  class space    used 6077K, committed 6464K, reserved 1048576K
}

Dll operation events (10 events):
Event: 0.027 Loaded shared library c:\Users\남유찬\.vscode\extensions\redhat.java-1.17.0-win32-x64\jre\17.0.6-win32-x86_64\bin\java.dll
Event: 0.278 Loaded shared library c:\Users\남유찬\.vscode\extensions\redhat.java-1.17.0-win32-x64\jre\17.0.6-win32-x86_64\bin\zip.dll
Event: 0.291 Loaded shared library C:\Users\남유찬\.vscode\extensions\redhat.java-1.17.0-win32-x64\jre\17.0.6-win32-x86_64\bin\instrument.dll
Event: 0.309 Loaded shared library C:\Users\남유찬\.vscode\extensions\redhat.java-1.17.0-win32-x64\jre\17.0.6-win32-x86_64\bin\net.dll
Event: 0.315 Loaded shared library C:\Users\남유찬\.vscode\extensions\redhat.java-1.17.0-win32-x64\jre\17.0.6-win32-x86_64\bin\nio.dll
Event: 0.328 Loaded shared library C:\Users\남유찬\.vscode\extensions\redhat.java-1.17.0-win32-x64\jre\17.0.6-win32-x86_64\bin\zip.dll
Event: 0.349 Loaded shared library C:\Users\남유찬\.vscode\extensions\redhat.java-1.17.0-win32-x64\jre\17.0.6-win32-x86_64\bin\jimage.dll
Event: 0.511 Loaded shared library c:\Users\남유찬\.vscode\extensions\redhat.java-1.17.0-win32-x64\jre\17.0.6-win32-x86_64\bin\verify.dll
Event: 2.425 Loaded shared library C:\Users\남유찬\AppData\Roaming\Code\User\globalStorage\redhat.java\1.17.0\config_win\org.eclipse.equinox.launcher\org.eclipse.equinox.launcher.win32.win32.x86_64_1.2.700.v20221108-1024\eclipse_11801.dll
Event: 5.179 Loaded shared library C:\Users\남유찬\AppData\Local\Temp\jna--1977653537\jna6324279790356917226.dll

Deoptimization events (20 events):
Event: 11.017 Thread 0x0000023fe075daa0 DEOPT PACKING pc=0x0000023fc8c2936b sp=0x000000ae480fec50
Event: 11.017 Thread 0x0000023fe075daa0 DEOPT UNPACKING pc=0x0000023fd0176e43 sp=0x000000ae480fe0c8 mode 0
Event: 11.028 Thread 0x0000023fe075daa0 DEOPT PACKING pc=0x0000023fc8faae43 sp=0x000000ae480fece0
Event: 11.028 Thread 0x0000023fe075daa0 DEOPT UNPACKING pc=0x0000023fd0176e43 sp=0x000000ae480fe200 mode 0
Event: 11.056 Thread 0x0000023fe075daa0 DEOPT PACKING pc=0x0000023fc8faae43 sp=0x000000ae480fece0
Event: 11.056 Thread 0x0000023fe075daa0 DEOPT UNPACKING pc=0x0000023fd0176e43 sp=0x000000ae480fe200 mode 0
Event: 11.406 Thread 0x0000023fe075daa0 DEOPT PACKING pc=0x0000023fc92e4dc1 sp=0x000000ae480febc0
Event: 11.406 Thread 0x0000023fe075daa0 DEOPT UNPACKING pc=0x0000023fd0176e43 sp=0x000000ae480fe0a8 mode 0
Event: 11.435 Thread 0x0000023fe075daa0 DEOPT PACKING pc=0x0000023fc8c2936b sp=0x000000ae480fec50
Event: 11.435 Thread 0x0000023fe075daa0 DEOPT UNPACKING pc=0x0000023fd0176e43 sp=0x000000ae480fe0c8 mode 0
Event: 11.701 Thread 0x0000023fe075cc30 DEOPT PACKING pc=0x0000023fc8c2aad8 sp=0x000000ae47efc440
Event: 11.701 Thread 0x0000023fe075cc30 DEOPT UNPACKING pc=0x0000023fd0176e43 sp=0x000000ae47efb948 mode 0
Event: 11.794 Thread 0x0000023fe075daa0 DEOPT PACKING pc=0x0000023fc92e4dc1 sp=0x000000ae480febc0
Event: 11.794 Thread 0x0000023fe075daa0 DEOPT UNPACKING pc=0x0000023fd0176e43 sp=0x000000ae480fe0a8 mode 0
Event: 11.802 Thread 0x0000023fe075daa0 DEOPT PACKING pc=0x0000023fc8c2936b sp=0x000000ae480fec50
Event: 11.802 Thread 0x0000023fe075daa0 DEOPT UNPACKING pc=0x0000023fd0176e43 sp=0x000000ae480fe0c8 mode 0
Event: 11.999 Thread 0x0000023fe075daa0 DEOPT PACKING pc=0x0000023fc92e4dc1 sp=0x000000ae480fed70
Event: 11.999 Thread 0x0000023fe075daa0 DEOPT UNPACKING pc=0x0000023fd0176e43 sp=0x000000ae480fe258 mode 0
Event: 12.036 Thread 0x0000023fe075daa0 DEOPT PACKING pc=0x0000023fc8c2936b sp=0x000000ae480fee00
Event: 12.036 Thread 0x0000023fe075daa0 DEOPT UNPACKING pc=0x0000023fd0176e43 sp=0x000000ae480fe278 mode 0

Classes unloaded (7 events):
Event: 3.328 Thread 0x0000023fdb921c30 Unloading class 0x0000000100216400 'java/lang/invoke/LambdaForm$MH+0x0000000100216400'
Event: 3.328 Thread 0x0000023fdb921c30 Unloading class 0x0000000100216000 'java/lang/invoke/LambdaForm$MH+0x0000000100216000'
Event: 3.328 Thread 0x0000023fdb921c30 Unloading class 0x0000000100215c00 'java/lang/invoke/LambdaForm$MH+0x0000000100215c00'
Event: 3.328 Thread 0x0000023fdb921c30 Unloading class 0x0000000100215800 'java/lang/invoke/LambdaForm$MH+0x0000000100215800'
Event: 3.328 Thread 0x0000023fdb921c30 Unloading class 0x0000000100215000 'java/lang/invoke/LambdaForm$BMH+0x0000000100215000'
Event: 3.328 Thread 0x0000023fdb921c30 Unloading class 0x0000000100214c00 'java/lang/invoke/LambdaForm$DMH+0x0000000100214c00'
Event: 3.328 Thread 0x0000023fdb921c30 Unloading class 0x0000000100212000 'java/lang/invoke/LambdaForm$DMH+0x0000000100212000'

Classes redefined (0 events):
No events

Internal exceptions (20 events):
Event: 7.733 Thread 0x0000023fe075d5d0 Exception <a 'sun/nio/fs/WindowsException'{0x00000000eb9d88e8}> (0x00000000eb9d88e8) 
thrown [s\src\hotspot\share\prims\jni.cpp, line 516]
Event: 7.734 Thread 0x0000023fe075d5d0 Exception <a 'sun/nio/fs/WindowsException'{0x00000000eb9ddc90}> (0x00000000eb9ddc90) 
thrown [s\src\hotspot\share\prims\jni.cpp, line 516]
Event: 7.736 Thread 0x0000023fe075d5d0 Exception <a 'sun/nio/fs/WindowsException'{0x00000000eb9e31b8}> (0x00000000eb9e31b8) 
thrown [s\src\hotspot\share\prims\jni.cpp, line 516]
Event: 7.738 Thread 0x0000023fe075d5d0 Exception <a 'sun/nio/fs/WindowsException'{0x00000000eba3a120}> (0x00000000eba3a120) 
thrown [s\src\hotspot\share\prims\jni.cpp, line 516]
Event: 7.741 Thread 0x0000023fe075d5d0 Exception <a 'sun/nio/fs/WindowsException'{0x00000000eba3fca8}> (0x00000000eba3fca8) 
thrown [s\src\hotspot\share\prims\jni.cpp, line 516]
Event: 7.742 Thread 0x0000023fe075d5d0 Exception <a 'sun/nio/fs/WindowsException'{0x00000000eba45688}> (0x00000000eba45688) 
thrown [s\src\hotspot\share\prims\jni.cpp, line 516]
Event: 7.743 Thread 0x0000023fe075d5d0 Exception <a 'sun/nio/fs/WindowsException'{0x00000000eba4ad98}> (0x00000000eba4ad98) 
thrown [s\src\hotspot\share\prims\jni.cpp, line 516]
Event: 7.745 Thread 0x0000023fe075d5d0 Exception <a 'sun/nio/fs/WindowsException'{0x00000000eba50458}> (0x00000000eba50458) 
thrown [s\src\hotspot\share\prims\jni.cpp, line 516]
Event: 7.748 Thread 0x0000023fe075d5d0 Exception <a 'sun/nio/fs/WindowsException'{0x00000000eba55fe0}> (0x00000000eba55fe0) 
thrown [s\src\hotspot\share\prims\jni.cpp, line 516]
Event: 7.751 Thread 0x0000023fe075d5d0 Exception <a 'sun/nio/fs/WindowsException'{0x00000000ebafed90}> (0x00000000ebafed90) 
thrown [s\src\hotspot\share\prims\jni.cpp, line 516]
Event: 7.752 Thread 0x0000023fe075d5d0 Exception <a 'sun/nio/fs/WindowsException'{0x00000000ebb01a30}> (0x00000000ebb01a30) 
thrown [s\src\hotspot\share\prims\jni.cpp, line 516]
Event: 7.755 Thread 0x0000023fe075d5d0 Exception <a 'sun/nio/fs/WindowsException'{0x00000000ebb07338}> (0x00000000ebb07338) 
thrown [s\src\hotspot\share\prims\jni.cpp, line 516]
Event: 7.757 Thread 0x0000023fe075d5d0 Exception <a 'sun/nio/fs/WindowsException'{0x00000000ebb0a340}> (0x00000000ebb0a340) 
thrown [s\src\hotspot\share\prims\jni.cpp, line 516]
Event: 7.759 Thread 0x0000023fe075d5d0 Exception <a 'sun/nio/fs/WindowsException'{0x00000000ebb0d308}> (0x00000000ebb0d308) 
thrown [s\src\hotspot\share\prims\jni.cpp, line 516]
Event: 7.762 Thread 0x0000023fe075d5d0 Exception <a 'sun/nio/fs/WindowsException'{0x00000000ebb10790}> (0x00000000ebb10790) 
thrown [s\src\hotspot\share\prims\jni.cpp, line 516]
Event: 9.631 Thread 0x0000023fe075d5d0 Exception <a 'java/lang/NoClassDefFoundError'{0x00000000eb3cdcc0}: org/eclipse/core/runtime/IPath> (0x00000000eb3cdcc0) 
thrown [s\src\hotspot\share\classfile\systemDictionary.cpp, line 245]
Event: 10.419 Thread 0x0000023fe075d5d0 Exception <a 'sun/nio/fs/WindowsException'{0x00000000eb2126b0}> (0x00000000eb2126b0) 
thrown [s\src\hotspot\share\prims\jni.cpp, line 516]
Event: 10.433 Thread 0x0000023fe075d5d0 Exception <a 'sun/nio/fs/WindowsException'{0x00000000eab486f8}> (0x00000000eab486f8) 
thrown [s\src\hotspot\share\prims\jni.cpp, line 516]
Event: 10.470 Thread 0x0000023fe2bae260 Exception <a 'java/lang/NoSuchMethodError'{0x00000000eaf958d0}: 'java.lang.Object java.lang.invoke.DirectMethodHandle$Holder.invokeInterface(java.lang.Object, java.lang.Object, java.lang.Object)'> (0x00000000eaf958d0) 
thrown [s\src\hotspot\share\interpreter\linkResolver.cpp, line 759]
Event: 10.556 Thread 0x0000023fe2bae260 Exception <a 'java/io/FileNotFoundException'{0x00000000eb0bc880}> (0x00000000eb0bc880) 
thrown [s\src\hotspot\share\prims\jni.cpp, line 516]

VM Operations (20 events):
Event: 11.281 Executing VM operation: ParallelGCFailedAllocation
Event: 11.283 Executing VM operation: ParallelGCFailedAllocation done
Event: 11.387 Executing VM operation: ParallelGCFailedAllocation
Event: 11.393 Executing VM operation: ParallelGCFailedAllocation done
Event: 11.462 Executing VM operation: ParallelGCFailedAllocation
Event: 11.466 Executing VM operation: ParallelGCFailedAllocation done
Event: 11.544 Executing VM operation: ParallelGCFailedAllocation
Event: 11.551 Executing VM operation: ParallelGCFailedAllocation done
Event: 11.627 Executing VM operation: ParallelGCFailedAllocation
Event: 11.631 Executing VM operation: ParallelGCFailedAllocation done
Event: 11.710 Executing VM operation: ParallelGCFailedAllocation
Event: 11.713 Executing VM operation: ParallelGCFailedAllocation done
Event: 11.779 Executing VM operation: ParallelGCFailedAllocation
Event: 11.782 Executing VM operation: ParallelGCFailedAllocation done
Event: 11.874 Executing VM operation: ParallelGCFailedAllocation
Event: 11.878 Executing VM operation: ParallelGCFailedAllocation done
Event: 11.968 Executing VM operation: ParallelGCFailedAllocation
Event: 11.971 Executing VM operation: ParallelGCFailedAllocation done
Event: 12.118 Executing VM operation: ParallelGCFailedAllocation
Event: 12.120 Executing VM operation: ParallelGCFailedAllocation done

Events (20 events):
Event: 10.519 loading class java/nio/charset/CharacterCodingException
Event: 10.519 loading class java/nio/charset/CharacterCodingException done
Event: 10.519 loading class java/io/SequenceInputStream
Event: 10.519 loading class java/io/SequenceInputStream done
Event: 10.523 loading class java/util/Collections$SynchronizedRandomAccessList
Event: 10.523 loading class java/util/Collections$SynchronizedList
Event: 10.523 loading class java/util/Collections$SynchronizedList done
Event: 10.523 loading class java/util/Collections$SynchronizedRandomAccessList done
Event: 10.531 loading class java/util/concurrent/CompletableFuture$Signaller
Event: 10.531 loading class java/util/concurrent/CompletableFuture$Signaller done
Event: 10.531 loading class java/util/concurrent/ForkJoinTask$Aux
Event: 10.531 loading class java/util/concurrent/ForkJoinTask$Aux done
Event: 10.534 loading class java/io/DataOutputStream
Event: 10.534 loading class java/io/DataOutputStream done
Event: 10.643 loading class java/util/Hashtable$ValueCollection
Event: 10.643 loading class java/util/Hashtable$ValueCollection done
Event: 10.768 Thread 0x0000023fd9ded490 flushing nmethod 0x0000023fc939fa90
Event: 10.768 Thread 0x0000023fd9ded490 flushing nmethod 0x0000023fc93b4110
Event: 10.769 Thread 0x0000023fd9ded490 flushing nmethod 0x0000023fc9484c90
Event: 10.769 Thread 0x0000023fd9ded490 flushing nmethod 0x0000023fc9493d90


Dynamic libraries:
0x00007ff680530000 - 0x00007ff68053e000 	c:\Users\남유찬\.vscode\extensions\redhat.java-1.17.0-win32-x64\jre\17.0.6-win32-x86_64\bin\java.exe
0x00007ffc846f0000 - 0x00007ffc848e8000 	C:\WINDOWS\SYSTEM32\ntdll.dll
0x00007ffc843f0000 - 0x00007ffc844af000 	C:\WINDOWS\System32\KERNEL32.DLL
0x00007ffc81f70000 - 0x00007ffc8224a000 	C:\WINDOWS\System32\KERNELBASE.dll
0x00007ffc82510000 - 0x00007ffc82610000 	C:\WINDOWS\System32\ucrtbase.dll
0x00007ffc779e0000 - 0x00007ffc779f7000 	c:\Users\남유찬\.vscode\extensions\redhat.java-1.17.0-win32-x64\jre\17.0.6-win32-x86_64\bin\jli.dll
0x00007ffc779c0000 - 0x00007ffc779d9000 	c:\Users\남유찬\.vscode\extensions\redhat.java-1.17.0-win32-x64\jre\17.0.6-win32-x86_64\bin\VCRUNTIME140.dll
0x00007ffc84090000 - 0x00007ffc8422d000 	C:\WINDOWS\System32\USER32.dll
0x00007ffc82720000 - 0x00007ffc82742000 	C:\WINDOWS\System32\win32u.dll
0x00007ffc83fc0000 - 0x00007ffc83feb000 	C:\WINDOWS\System32\GDI32.dll
0x00007ffc82610000 - 0x00007ffc82720000 	C:\WINDOWS\System32\gdi32full.dll
0x00007ffc823b0000 - 0x00007ffc8244d000 	C:\WINDOWS\System32\msvcp_win.dll
0x00007ffc6dc10000 - 0x00007ffc6deaa000 	C:\WINDOWS\WinSxS\amd64_microsoft.windows.common-controls_6595b64144ccf1df_6.0.19041.1110_none_60b5254171f9507e\COMCTL32.dll
0x00007ffc83d40000 - 0x00007ffc83dde000 	C:\WINDOWS\System32\msvcrt.dll
0x00007ffc82b40000 - 0x00007ffc82b70000 	C:\WINDOWS\System32\IMM32.DLL
0x00007ffc7d250000 - 0x00007ffc7d25c000 	c:\Users\남유찬\.vscode\extensions\redhat.java-1.17.0-win32-x64\jre\17.0.6-win32-x86_64\bin\vcruntime140_1.dll
0x00007ffc495e0000 - 0x00007ffc49671000 	c:\Users\남유찬\.vscode\extensions\redhat.java-1.17.0-win32-x64\jre\17.0.6-win32-x86_64\bin\msvcp140.dll
0x00007ffc3e3d0000 - 0x00007ffc3f017000 	c:\Users\남유찬\.vscode\extensions\redhat.java-1.17.0-win32-x64\jre\17.0.6-win32-x86_64\bin\server\jvm.dll
0x00007ffc83450000 - 0x00007ffc834fe000 	C:\WINDOWS\System32\ADVAPI32.dll
0x00007ffc83ff0000 - 0x00007ffc8408c000 	C:\WINDOWS\System32\sechost.dll
0x00007ffc83e90000 - 0x00007ffc83fb6000 	C:\WINDOWS\System32\RPCRT4.dll
0x00007ffc6db40000 - 0x00007ffc6db49000 	C:\WINDOWS\SYSTEM32\WSOCK32.dll
0x00007ffc83aa0000 - 0x00007ffc83b0b000 	C:\WINDOWS\System32\WS2_32.dll
0x00007ffc7a970000 - 0x00007ffc7a97a000 	C:\WINDOWS\SYSTEM32\VERSION.dll
0x00007ffc6e470000 - 0x00007ffc6e497000 	C:\WINDOWS\SYSTEM32\WINMM.dll
0x00007ffc80650000 - 0x00007ffc80662000 	C:\WINDOWS\SYSTEM32\kernel.appcore.dll
0x00007ffc7bcc0000 - 0x00007ffc7bcca000 	c:\Users\남유찬\.vscode\extensions\redhat.java-1.17.0-win32-x64\jre\17.0.6-win32-x86_64\bin\jimage.dll
0x00007ffc801e0000 - 0x00007ffc803c4000 	C:\WINDOWS\SYSTEM32\DBGHELP.DLL
0x00007ffc801a0000 - 0x00007ffc801d4000 	C:\WINDOWS\SYSTEM32\dbgcore.DLL
0x00007ffc81ee0000 - 0x00007ffc81f62000 	C:\WINDOWS\System32\bcryptPrimitives.dll
0x00007ffc779b0000 - 0x00007ffc779be000 	c:\Users\남유찬\.vscode\extensions\redhat.java-1.17.0-win32-x64\jre\17.0.6-win32-x86_64\bin\instrument.dll
0x00007ffc68eb0000 - 0x00007ffc68ed5000 	c:\Users\남유찬\.vscode\extensions\redhat.java-1.17.0-win32-x64\jre\17.0.6-win32-x86_64\bin\java.dll
0x00007ffc77990000 - 0x00007ffc779a8000 	c:\Users\남유찬\.vscode\extensions\redhat.java-1.17.0-win32-x64\jre\17.0.6-win32-x86_64\bin\zip.dll
0x00007ffc82b70000 - 0x00007ffc832b4000 	C:\WINDOWS\System32\SHELL32.dll
0x00007ffc7f9f0000 - 0x00007ffc80183000 	C:\WINDOWS\SYSTEM32\windows.storage.dll
0x00007ffc827e0000 - 0x00007ffc82b34000 	C:\WINDOWS\System32\combase.dll
0x00007ffc81780000 - 0x00007ffc817ae000 	C:\WINDOWS\SYSTEM32\Wldp.dll
0x00007ffc83de0000 - 0x00007ffc83e8d000 	C:\WINDOWS\System32\SHCORE.dll
0x00007ffc84650000 - 0x00007ffc846a5000 	C:\WINDOWS\System32\shlwapi.dll
0x00007ffc81d40000 - 0x00007ffc81d5f000 	C:\WINDOWS\SYSTEM32\profapi.dll
0x00007ffc6c910000 - 0x00007ffc6c929000 	C:\Users\남유찬\.vscode\extensions\redhat.java-1.17.0-win32-x64\jre\17.0.6-win32-x86_64\bin\net.dll
0x00007ffc7f660000 - 0x00007ffc7f76a000 	C:\WINDOWS\SYSTEM32\WINHTTP.dll
0x00007ffc814e0000 - 0x00007ffc8154a000 	C:\WINDOWS\system32\mswsock.dll
0x00007ffc60be0000 - 0x00007ffc60bf5000 	C:\Users\남유찬\.vscode\extensions\redhat.java-1.17.0-win32-x64\jre\17.0.6-win32-x86_64\bin\nio.dll
0x00007ffc77690000 - 0x00007ffc776a0000 	c:\Users\남유찬\.vscode\extensions\redhat.java-1.17.0-win32-x64\jre\17.0.6-win32-x86_64\bin\verify.dll
0x00007ffc57b00000 - 0x00007ffc57b3e000 	C:\Users\남유찬\AppData\Roaming\Code\User\globalStorage\redhat.java\1.17.0\config_win\org.eclipse.equinox.launcher\org.eclipse.equinox.launcher.win32.win32.x86_64_1.2.700.v20221108-1024\eclipse_11801.dll
0x00007ffc83500000 - 0x00007ffc8362a000 	C:\WINDOWS\System32\ole32.dll
0x00007ffc816e0000 - 0x00007ffc816f8000 	C:\WINDOWS\SYSTEM32\CRYPTSP.dll
0x00007ffc80e00000 - 0x00007ffc80e34000 	C:\WINDOWS\system32\rsaenh.dll
0x00007ffc81eb0000 - 0x00007ffc81ed7000 	C:\WINDOWS\System32\bcrypt.dll
0x00007ffc81d00000 - 0x00007ffc81d2e000 	C:\WINDOWS\SYSTEM32\USERENV.dll
0x00007ffc816d0000 - 0x00007ffc816dc000 	C:\WINDOWS\SYSTEM32\CRYPTBASE.dll
0x00007ffc811d0000 - 0x00007ffc8120c000 	C:\WINDOWS\SYSTEM32\IPHLPAPI.DLL
0x00007ffc84640000 - 0x00007ffc84648000 	C:\WINDOWS\System32\NSI.dll
0x00007ffc792a0000 - 0x00007ffc792b7000 	C:\WINDOWS\SYSTEM32\dhcpcsvc6.DLL
0x00007ffc79f70000 - 0x00007ffc79f8d000 	C:\WINDOWS\SYSTEM32\dhcpcsvc.DLL
0x00007ffc81210000 - 0x00007ffc812db000 	C:\WINDOWS\SYSTEM32\DNSAPI.dll
0x00007ffc57ce0000 - 0x00007ffc57d25000 	C:\Users\남유찬\AppData\Local\Temp\jna--1977653537\jna6324279790356917226.dll
0x00007ffc827d0000 - 0x00007ffc827d8000 	C:\WINDOWS\System32\PSAPI.DLL

dbghelp: loaded successfully - version: 4.0.5 - missing functions: none
symbol engine: initialized successfully - sym options: 0x614 - pdb path: .;c:\Users\남유찬\.vscode\extensions\redhat.java-1.17.0-win32-x64\jre\17.0.6-win32-x86_64\bin;C:\WINDOWS\SYSTEM32;C:\WINDOWS\WinSxS\amd64_microsoft.windows.common-controls_6595b64144ccf1df_6.0.19041.1110_none_60b5254171f9507e;c:\Users\남유찬\.vscode\extensions\redhat.java-1.17.0-win32-x64\jre\17.0.6-win32-x86_64\bin\;c:\Users\남유찬\.vscode\extensions\redhat.java-1.17.0-win32-x64\jre\17.0.6-win32-x86_64\b;c:\Users\남유찬\.vscode\extensions\redhat.java-1.17.0-win32-x64\jre\17.0.6-win32-x86_6;c:\Users\남유찬\.vscode\extensions\redhat.java-1.17.0-win32-x64\jre\17.0.6-win32-x8;c:\Users\남유찬\.vscode\extensions\redhat.java-1.17.0-win32-x64\jre\17.0.6-win32;c:\Users\남유찬\.vscode\extensions\redhat.java-1.17.0-win32-x64\jre\17.0.6-wi;c:\Users\남유찬\.vscode\extensions\redhat.java-1.17.0-win32-x64\jre\17.0.6-win32-x86_64\bin\server;C:\Users\남유찬\AppData\Roaming\Code\User\globalStorage\redhat.java\1.17.0\config_win\org.eclipse.equinox.launcher\org.eclipse.equinox.launcher.win32.win32.x8;C:\Users\남유찬\AppData\Roaming\Code\User\globalStorage\redhat.java\1.17.0\config_win\org.eclipse.equinox.launcher\org.eclipse.equinox.launcher.win32.win32.x86_64_1.2.700.v20221108-1024;C:\Users\남유찬\A

VM Arguments:
jvm_args: --add-modules=ALL-SYSTEM --add-opens=java.base/java.util=ALL-UNNAMED --add-opens=java.base/java.lang=ALL-UNNAMED --add-opens=java.base/sun.nio.fs=ALL-UNNAMED -Declipse.application=org.eclipse.jdt.ls.core.id1 -Dosgi.bundles.defaultStartLevel=4 -Declipse.product=org.eclipse.jdt.ls.core.product -Djava.import.generatesMetadataFilesAtProjectRoot=false -Dfile.encoding=utf8 -XX:+UseParallelGC -XX:GCTimeRatio=4 -XX:AdaptiveSizePolicyWeight=90 -Dsun.zip.disableMemoryMapping=true -Xmx1G -Xms100m -Xlog:disable -javaagent:c:\Users\남유찬\.vscode\extensions\redhat.java-1.17.0-win32-x64\lombok\lombok-1.18.24.jar -XX:+HeapDumpOnOutOfMemoryError -XX:HeapDumpPath=c:\Users\남유찬\AppData\Roaming\Code\User\workspaceStorage\66f2d1981fec2df113eeb0e08de2089d\redhat.java -Daether.dependencyCollector.impl=bf 
java_command: c:\Users\남유찬\.vscode\extensions\redhat.java-1.17.0-win32-x64\server\plugins\org.eclipse.equinox.launcher_1.6.400.v20210924-0641.jar -configuration c:\Users\남유찬\AppData\Roaming\Code\User\globalStorage\redhat.java\1.17.0\config_win -data c:\Users\남유찬\AppData\Roaming\Code\User\workspaceStorage\66f2d1981fec2df113eeb0e08de2089d\redhat.java\jdt_ws
java_class_path (initial): c:\Users\남유찬\.vscode\extensions\redhat.java-1.17.0-win32-x64\server\plugins\org.eclipse.equinox.launcher_1.6.400.v20210924-0641.jar
Launcher Type: SUN_STANDARD

[Global flags]
    uintx AdaptiveSizePolicyWeight                 = 90                                        {product} {command line}
     intx CICompilerCount                          = 4                                         {product} {ergonomic}
    uintx GCTimeRatio                              = 4                                         {product} {command line}
     bool HeapDumpOnOutOfMemoryError               = true                                   {manageable} {command line}
    ccstr HeapDumpPath                             = c:\Users\남유찬\AppData\Roaming\Code\User\workspaceStorage\66f2d1981fec2df113eeb0e08de2089d\redhat.java         {manageable} {command line}
   size_t InitialHeapSize                          = 104857600                                 {product} {command line}
   size_t MaxHeapSize                              = 1073741824                                {product} {command line}
   size_t MaxNewSize                               = 357564416                                 {product} {ergonomic}
   size_t MinHeapDeltaBytes                        = 524288                                    {product} {ergonomic}
   size_t MinHeapSize                              = 104857600                                 {product} {command line}
   size_t NewSize                                  = 34603008                                  {product} {ergonomic}
    uintx NonNMethodCodeHeapSize                   = 5839372                                {pd product} {ergonomic}
    uintx NonProfiledCodeHeapSize                  = 122909434                              {pd product} {ergonomic}
   size_t OldSize                                  = 70254592                                  {product} {ergonomic}
    uintx ProfiledCodeHeapSize                     = 122909434                              {pd product} {ergonomic}
    uintx ReservedCodeCacheSize                    = 251658240                              {pd product} {ergonomic}
     bool SegmentedCodeCache                       = true                                      {product} {ergonomic}
   size_t SoftMaxHeapSize                          = 1073741824                             {manageable} {ergonomic}
     bool UseCompressedClassPointers               = true                           {product lp64_product} {ergonomic}
     bool UseCompressedOops                        = true                           {product lp64_product} {ergonomic}
     bool UseLargePagesIndividualAllocation        = false                                  {pd product} {ergonomic}
     bool UseParallelGC                            = true                                      {product} {command line}

Logging:
Log output configuration:
 #0: stdout all=off uptime,level,tags
 #1: stderr all=off uptime,level,tags

Environment Variables:
PATH=C:\Program Files\Eclipse Adoptium\jdk-17.0.6.10-hotspot\bin;C:\Program Files (x86)\NVIDIA Corporation\PhysX\Common;C:\Program Files\Common Files\Oracle\Java\javapath;C:\Program Files (x86)\Common Files\Oracle\Java\javapath;C:\Program Files (x86)\Intel\Intel(R) Management Engine Components\iCLS\;C:\Program Files\Intel\Intel(R) Management Engine Components\iCLS\;C:\WINDOWS\system32;C:\WINDOWS;C:\WINDOWS\System32\Wbem;C:\WINDOWS\System32\WindowsPowerShell\v1.0\;C:\WINDOWS\System32\OpenSSH\;C:\Program Files (x86)\Intel\Intel(R) Management Engine Components\DAL;C:\Program Files\Intel\Intel(R) Management Engine Components\DAL;C:\Program Files\Microsoft SQL Server\130\Tools\Binn\;C:\Program Files\Git\cmd;C:\ana3;C:\ana3\Scripts;C:\Program Files\PuTTY\;C:\Program Files\dotnet\;C:\mingw64\bin;C:\Program Files\nodejs\;C:\Users\남유찬\AppData\Roaming\npm;C:\Users\남유찬\AppData\Local\Programs\Python\Python39\Scripts\;C:\Users\남유찬\AppData\Local\Programs\Python\Python39\;C:\Users\남유찬\AppData\Local\Microsoft\WindowsApps;C:\Users\남유찬\AppData\Local\Microsoft\WindowsApps;C:\Android\SDK\tools;C:\Android\SDK\platform-tools;;C:\Users\남유찬\AppData\Local\afreeca;C:\Users\남유찬\AppData\Local\Programs\Microsoft VS Code\bin;C:\Users\남유찬\AppData\Roaming\npm
USERNAME=NYC326
OS=Windows_NT
PROCESSOR_IDENTIFIER=Intel64 Family 6 Model 142 Stepping 11, GenuineIntel
TMP=C:\Users\남유찬\AppData\Local\Temp
TEMP=C:\Users\남유찬\AppData\Local\Temp



---------------  S Y S T E M  ---------------

OS:
 Windows 10 , 64 bit Build 19041 (10.0.19041.2788)
OS uptime: 0 days 4:46 hours

CPU: total 8 (initial active 8) (4 cores per cpu, 2 threads per core) family 6 model 142 stepping 11 microcode 0xae, cx8, cmov, fxsr, ht, mmx, 3dnowpref, sse, sse2, sse3, ssse3, sse4.1, sse4.2, popcnt, lzcnt, tsc, tscinvbit, avx, avx2, aes, erms, clmul, bmi1, bmi2, adx, fma, vzeroupper, clflush, clflushopt

Memory: 4k page, system-wide physical 7986M (497M free)
TotalPageFile size 9880M (AvailPageFile size 4M)
current process WorkingSet (physical memory assigned to process): 359M, peak: 360M
current process commit charge ("private bytes"): 371M, peak: 383M

vm_info: OpenJDK 64-Bit Server VM (17.0.6+10) for windows-amd64 JRE (17.0.6+10), built on Jan 18 2023 10:08:59 by "temurin" with MS VC++ 16.7 (VS2019)

END.
