#
# There is insufficient memory for the Java Runtime Environment to continue.
# Native memory allocation (malloc) failed to allocate 748896 bytes for Chunk::new
# Possible reasons:
#   The system is out of physical RAM or swap space
#   The process is running with CompressedOops enabled, and the Java Heap may be blocking the growth of the native heap
# Possible solutions:
#   Reduce memory load on the system
#   Increase physical memory or swap space
#   Check if swap backing store is full
#   Decrease Java heap size (-Xmx/-Xms)
#   Decrease number of Java threads
#   Decrease Java thread stack sizes (-Xss)
#   Set larger code cache with -XX:ReservedCodeCacheSize=
#   JVM is running with Unscaled Compressed Oops mode in which the Java heap is
#     placed in the first 4GB address space. The Java Heap base address is the
#     maximum limit for the native heap growth. Please use -XX:HeapBaseMinAddress
#     to set the Java Heap base and to place the Java Heap above 4GB virtual address.
# This output file may be truncated or incomplete.
#
#  Out of Memory Error (arena.cpp:189), pid=15408, tid=15692
#
# JRE version: OpenJDK Runtime Environment Temurin-17.0.6+10 (17.0.6+10) (build 17.0.6+10)
# Java VM: OpenJDK 64-Bit Server VM Temurin-17.0.6+10 (17.0.6+10, mixed mode, tiered, compressed oops, compressed class ptrs, parallel gc, windows-amd64)
# No core dump will be written. Minidumps are not enabled by default on client versions of Windows
#

---------------  S U M M A R Y ------------

Command Line: --add-modules=ALL-SYSTEM --add-opens=java.base/java.util=ALL-UNNAMED --add-opens=java.base/java.lang=ALL-UNNAMED --add-opens=java.base/sun.nio.fs=ALL-UNNAMED -Declipse.application=org.eclipse.jdt.ls.core.id1 -Dosgi.bundles.defaultStartLevel=4 -Declipse.product=org.eclipse.jdt.ls.core.product -Djava.import.generatesMetadataFilesAtProjectRoot=false -Dfile.encoding=utf8 -XX:+UseParallelGC -XX:GCTimeRatio=4 -XX:AdaptiveSizePolicyWeight=90 -Dsun.zip.disableMemoryMapping=true -Xmx1G -Xms100m -Xlog:disable -javaagent:c:\Users\남유찬\.vscode\extensions\redhat.java-1.17.0-win32-x64\lombok\lombok-1.18.24.jar c:\Users\남유찬\.vscode\extensions\redhat.java-1.17.0-win32-x64\server\plugins\org.eclipse.equinox.launcher_1.6.400.v20210924-0641.jar -configuration c:\Users\남유찬\AppData\Roaming\Code\User\globalStorage\redhat.java\1.17.0\config_ss_win -data c:\Users\남유찬\AppData\Roaming\Code\User\workspaceStorage\66f2d1981fec2df113eeb0e08de2089d\redhat.java\ss_ws

Host: Intel(R) Core(TM) i5-8265U CPU @ 1.60GHz, 8 cores, 7G,  Windows 10 , 64 bit Build 19041 (10.0.19041.2788)
Time: Sat Apr 22 17:51:55 2023  Windows 10 , 64 bit Build 19041 (10.0.19041.2788) elapsed time: 5.217953 seconds (0d 0h 0m 5s)

---------------  T H R E A D  ---------------

Current thread (0x000002b6fb679860):  JavaThread "C2 CompilerThread0" daemon [_thread_in_native, id=15692, stack(0x000000bd1e100000,0x000000bd1e200000)]


Current CompileTask:
C2:   5218 2335       4       org.objectweb.asm.ClassReader::readMethod (1066 bytes)

Stack: [0x000000bd1e100000,0x000000bd1e200000]
Native frames: (J=compiled Java code, j=interpreted, Vv=VM code, C=native code)
V  [jvm.dll+0x67741a]
V  [jvm.dll+0x834434]
V  [jvm.dll+0x835bde]
V  [jvm.dll+0x836243]
V  [jvm.dll+0x2457b5]
V  [jvm.dll+0xabafc]
V  [jvm.dll+0xac0cc]
V  [jvm.dll+0x2ac94f]
V  [jvm.dll+0x57de47]
V  [jvm.dll+0x220812]
V  [jvm.dll+0x220bef]
V  [jvm.dll+0x21a445]
V  [jvm.dll+0x21790b]
V  [jvm.dll+0x1a3d0d]
V  [jvm.dll+0x22742a]
V  [jvm.dll+0x225565]
V  [jvm.dll+0x7ea2cb]
V  [jvm.dll+0x7e483a]
V  [jvm.dll+0x6762c5]
C  [ucrtbase.dll+0x21bb2]
C  [KERNEL32.DLL+0x17604]
C  [ntdll.dll+0x526a1]


---------------  P R O C E S S  ---------------

Threads class SMR info:
_java_thread_list=0x000002b681033b40, length=21, elements={
0x000002b6e5d10f50, 0x000002b6f9b91740, 0x000002b6f9b95cc0, 0x000002b6fb6a4130,
0x000002b6fb6a4bf0, 0x000002b6fb676e40, 0x000002b6fb6ae700, 0x000002b6fb679860,
0x000002b6fb67d8c0, 0x000002b6fb67e9a0, 0x000002b6fb7e6000, 0x000002b6fb8fadf0,
0x000002b6ff6a8e40, 0x000002b680a09420, 0x000002b680a09930, 0x000002b680a14b30,
0x000002b6ff7b0090, 0x000002b680dad4c0, 0x000002b680c45980, 0x000002b680e12a30,
0x000002b680e33500
}

Java Threads: ( => current thread )
  0x000002b6e5d10f50 JavaThread "main" [_thread_blocked, id=15780, stack(0x000000bd1d800000,0x000000bd1d900000)]
  0x000002b6f9b91740 JavaThread "Reference Handler" daemon [_thread_blocked, id=5764, stack(0x000000bd1db00000,0x000000bd1dc00000)]
  0x000002b6f9b95cc0 JavaThread "Finalizer" daemon [_thread_blocked, id=6724, stack(0x000000bd1dc00000,0x000000bd1dd00000)]
  0x000002b6fb6a4130 JavaThread "Signal Dispatcher" daemon [_thread_blocked, id=5016, stack(0x000000bd1dd00000,0x000000bd1de00000)]
  0x000002b6fb6a4bf0 JavaThread "Attach Listener" daemon [_thread_blocked, id=5304, stack(0x000000bd1de00000,0x000000bd1df00000)]
  0x000002b6fb676e40 JavaThread "Service Thread" daemon [_thread_blocked, id=15936, stack(0x000000bd1df00000,0x000000bd1e000000)]
  0x000002b6fb6ae700 JavaThread "Monitor Deflation Thread" daemon [_thread_blocked, id=11892, stack(0x000000bd1e000000,0x000000bd1e100000)]
=>0x000002b6fb679860 JavaThread "C2 CompilerThread0" daemon [_thread_in_native, id=15692, stack(0x000000bd1e100000,0x000000bd1e200000)]
  0x000002b6fb67d8c0 JavaThread "C1 CompilerThread0" daemon [_thread_blocked, id=5152, stack(0x000000bd1e200000,0x000000bd1e300000)]
  0x000002b6fb67e9a0 JavaThread "Sweeper thread" daemon [_thread_blocked, id=16796, stack(0x000000bd1e300000,0x000000bd1e400000)]
  0x000002b6fb7e6000 JavaThread "Common-Cleaner" daemon [_thread_blocked, id=5468, stack(0x000000bd1e400000,0x000000bd1e500000)]
  0x000002b6fb8fadf0 JavaThread "Notification Thread" daemon [_thread_blocked, id=13472, stack(0x000000bd1e500000,0x000000bd1e600000)]
  0x000002b6ff6a8e40 JavaThread "Active Thread: Equinox Container: b69d20c0-bb0e-496b-8a10-de5d1b211eca" [_thread_blocked, id=144, stack(0x000000bd1ee00000,0x000000bd1ef00000)]
  0x000002b680a09420 JavaThread "C2 CompilerThread1" daemon [_thread_in_native, id=14232, stack(0x000000bd1e700000,0x000000bd1e800000)]
  0x000002b680a09930 JavaThread "Framework Event Dispatcher: Equinox Container: b69d20c0-bb0e-496b-8a10-de5d1b211eca" daemon [_thread_blocked, id=10456, stack(0x000000bd1ef00000,0x000000bd1f000000)]
  0x000002b680a14b30 JavaThread "Start Level: Equinox Container: b69d20c0-bb0e-496b-8a10-de5d1b211eca" daemon [_thread_in_Java, id=7888, stack(0x000000bd1f000000,0x000000bd1f100000)]
  0x000002b6ff7b0090 JavaThread "SCR Component Actor" daemon [_thread_blocked, id=7584, stack(0x000000bd1f100000,0x000000bd1f200000)]
  0x000002b680dad4c0 JavaThread "SCR Component Registry" daemon [_thread_blocked, id=1908, stack(0x000000bd1f300000,0x000000bd1f400000)]
  0x000002b680c45980 JavaThread "Worker-JM" [_thread_blocked, id=1688, stack(0x000000bd1f400000,0x000000bd1f500000)]
  0x000002b680e12a30 JavaThread "Worker-0" [_thread_blocked, id=10552, stack(0x000000bd1f500000,0x000000bd1f600000)]
  0x000002b680e33500 JavaThread "Worker-1" [_thread_blocked, id=17200, stack(0x000000bd1f600000,0x000000bd1f700000)]

Other Threads:
  0x000002b6fb651d00 VMThread "VM Thread" [stack: 0x000000bd1da00000,0x000000bd1db00000] [id=14540]
  0x000002b6fb992a90 WatcherThread [stack: 0x000000bd1e600000,0x000000bd1e700000] [id=8544]
  0x000002b6e3b1ec00 GCTaskThread "GC Thread#0" [stack: 0x000000bd1d900000,0x000000bd1da00000] [id=1532]
  0x000002b6ff1a76d0 GCTaskThread "GC Thread#1" [stack: 0x000000bd1e800000,0x000000bd1e900000] [id=14784]
  0x000002b6ff1a7d90 GCTaskThread "GC Thread#2" [stack: 0x000000bd1e900000,0x000000bd1ea00000] [id=17920]
  0x000002b6ff1a8040 GCTaskThread "GC Thread#3" [stack: 0x000000bd1ea00000,0x000000bd1eb00000] [id=1480]
  0x000002b6ff1a82f0 GCTaskThread "GC Thread#4" [stack: 0x000000bd1eb00000,0x000000bd1ec00000] [id=9260]
  0x000002b6ff6392b0 GCTaskThread "GC Thread#5" [stack: 0x000000bd1ec00000,0x000000bd1ed00000] [id=16336]
  0x000002b6ff639560 GCTaskThread "GC Thread#6" [stack: 0x000000bd1ed00000,0x000000bd1ee00000] [id=15268]
  0x000002b68102bcd0 GCTaskThread "GC Thread#7" [stack: 0x000000bd1f200000,0x000000bd1f300000] [id=2156]

Threads with active compile tasks:
C2 CompilerThread0     5392 2335       4       org.objectweb.asm.ClassReader::readMethod (1066 bytes)
C1 CompilerThread0     5393 2426 %     3       java.util.Properties::loadConvert @ 132 (540 bytes)
C2 CompilerThread1     5393 2423 %     4       java.util.Properties$LineReader::readLine @ 53 (584 bytes)

VM state: not at safepoint (normal execution)

VM Mutex/Monitor currently owned by a thread: None

Heap address: 0x00000000c0000000, size: 1024 MB, Compressed Oops mode: 32-bit

CDS archive(s) not mapped
Compressed class space mapped at: 0x0000000100000000-0x0000000140000000, reserved size: 1073741824
Narrow klass base: 0x0000000000000000, Narrow klass shift: 3, Narrow klass range: 0x140000000

GC Precious Log:
 CPUs: 8 total, 8 available
 Memory: 7986M
 Large Page Support: Disabled
 NUMA Support: Disabled
 Compressed Oops: Enabled (32-bit)
 Alignments: Space 512K, Generation 512K, Heap 2M
 Heap Min Capacity: 100M
 Heap Initial Capacity: 100M
 Heap Max Capacity: 1G
 Pre-touch: Disabled
 Parallel Workers: 8

Heap:
 PSYoungGen      total 26112K, used 23640K [0x00000000eab00000, 0x00000000ec880000, 0x0000000100000000)
  eden space 25088K, 91% used [0x00000000eab00000,0x00000000ec166920,0x00000000ec380000)
  from space 1024K, 68% used [0x00000000ec400000,0x00000000ec4af888,0x00000000ec500000)
  to   space 2560K, 0% used [0x00000000ec600000,0x00000000ec600000,0x00000000ec880000)
 ParOldGen       total 68608K, used 7336K [0x00000000c0000000, 0x00000000c4300000, 0x00000000eab00000)
  object space 68608K, 10% used [0x00000000c0000000,0x00000000c072a198,0x00000000c4300000)
 Metaspace       used 27133K, committed 27584K, reserved 1081344K
  class space    used 2614K, committed 2816K, reserved 1048576K

Card table byte_map: [0x000002b6e56c0000,0x000002b6e58d0000] _byte_map_base: 0x000002b6e50c0000

Marking Bits: (ParMarkBitMap*) 0x00007ffc3ef53e70
 Begin Bits: [0x000002b6f79a0000, 0x000002b6f89a0000)
 End Bits:   [0x000002b6f89a0000, 0x000002b6f99a0000)

Polling page: 0x000002b6e3e70000

Metaspace:

Usage:
  Non-class:     23.94 MB used.
      Class:      2.55 MB used.
       Both:     26.50 MB used.

Virtual space:
  Non-class space:       32.00 MB reserved,      24.19 MB ( 76%) committed,  4 nodes.
      Class space:        1.00 GB reserved,       2.75 MB ( <1%) committed,  1 nodes.
             Both:        1.03 GB reserved,      26.94 MB (  3%) committed. 

Chunk freelists:
   Non-Class:  3.75 MB
       Class:  1.09 MB
        Both:  4.84 MB

MaxMetaspaceSize: unlimited
CompressedClassSpaceSize: 1.00 GB
Initial GC threshold: 21.00 MB
Current GC threshold: 35.00 MB
CDS: off
MetaspaceReclaimPolicy: balanced
 - commit_granule_bytes: 65536.
 - commit_granule_words: 8192.
 - virtual_space_node_default_size: 1048576.
 - enlarge_chunks_in_place: 1.
 - new_chunks_are_fully_committed: 0.
 - uncommit_free_chunks: 1.
 - use_allocation_guard: 0.
 - handle_deallocations: 1.


Internal statistics:

num_allocs_failed_limit: 3.
num_arena_births: 200.
num_arena_deaths: 14.
num_vsnodes_births: 5.
num_vsnodes_deaths: 0.
num_space_committed: 432.
num_space_uncommitted: 0.
num_chunks_returned_to_freelist: 17.
num_chunks_taken_from_freelist: 895.
num_chunk_merges: 4.
num_chunk_splits: 601.
num_chunks_enlarged: 431.
num_purges: 2.
num_inconsistent_stats: 0.

CodeHeap 'non-profiled nmethods': size=120000Kb used=961Kb max_used=961Kb free=119038Kb
 bounds [0x000002b6f0470000, 0x000002b6f06e0000, 0x000002b6f79a0000]
CodeHeap 'profiled nmethods': size=120000Kb used=4893Kb max_used=4893Kb free=115106Kb
 bounds [0x000002b6e89a0000, 0x000002b6e8e70000, 0x000002b6efed0000]
CodeHeap 'non-nmethods': size=5760Kb used=1236Kb max_used=1257Kb free=4524Kb
 bounds [0x000002b6efed0000, 0x000002b6f0140000, 0x000002b6f0470000]
 total_blobs=2976 nmethods=2427 adapters=463
 compilation: enabled
              stopped_count=0, restarted_count=0
 full_count=0

Compilation events (20 events):
Event: 5.200 Thread 0x000002b6fb67d8c0 nmethod 2354 0x000002b6e8e34010 code [0x000002b6e8e34200, 0x000002b6e8e348f8]
Event: 5.200 Thread 0x000002b6fb67d8c0 2356       3       org.eclipse.core.internal.preferences.ImmutableMap$ArrayMap::get (54 bytes)
Event: 5.200 Thread 0x000002b6fb67d8c0 nmethod 2356 0x000002b6e8e34c10 code [0x000002b6e8e34de0, 0x000002b6e8e35138]
Event: 5.200 Thread 0x000002b6fb67d8c0 2355       3       java.util.EventObject::<init> (24 bytes)
Event: 5.200 Thread 0x000002b6fb67d8c0 nmethod 2355 0x000002b6e8e35390 code [0x000002b6e8e35540, 0x000002b6e8e357c8]
Event: 5.200 Thread 0x000002b6fb67d8c0 2359       3       org.eclipse.core.internal.preferences.ImmutableMap$ArrayMap::<init> (50 bytes)
Event: 5.201 Thread 0x000002b6fb67d8c0 nmethod 2359 0x000002b6e8e35910 code [0x000002b6e8e35ae0, 0x000002b6e8e35f18]
Event: 5.201 Thread 0x000002b6fb67d8c0 2358       3       org.eclipse.core.internal.preferences.ImmutableMap$ArrayMap::put (138 bytes)
Event: 5.202 Thread 0x000002b6fb67d8c0 nmethod 2358 0x000002b6e8e36090 code [0x000002b6e8e362a0, 0x000002b6e8e368d8]
Event: 5.202 Thread 0x000002b6fb67d8c0 2360       3       org.eclipse.core.internal.preferences.EclipsePreferences::makeDirty (30 bytes)
Event: 5.202 Thread 0x000002b6fb67d8c0 nmethod 2360 0x000002b6e8e36c10 code [0x000002b6e8e36e00, 0x000002b6e8e373b8]
Event: 5.202 Thread 0x000002b6fb67d8c0 2362       3       org.eclipse.core.runtime.ListenerList$ListenerListIterator::<init> (10 bytes)
Event: 5.203 Thread 0x000002b6fb67d8c0 nmethod 2362 0x000002b6e8e37610 code [0x000002b6e8e377a0, 0x000002b6e8e37918]
Event: 5.203 Thread 0x000002b6fb67d8c0 2363   !   3       org.eclipse.core.internal.preferences.EclipsePreferences::internalPut (108 bytes)
Event: 5.204 Thread 0x000002b6fb67d8c0 nmethod 2363 0x000002b6e8e37a10 code [0x000002b6e8e37d00, 0x000002b6e8e38c08]
Event: 5.204 Thread 0x000002b6fb67d8c0 2357       3       org.eclipse.core.runtime.ListenerList$ListenerListIterator::hasNext (16 bytes)
Event: 5.204 Thread 0x000002b6fb67d8c0 nmethod 2357 0x000002b6e8e39410 code [0x000002b6e8e395a0, 0x000002b6e8e39718]
Event: 5.204 Thread 0x000002b6fb67d8c0 2361       3       org.eclipse.core.runtime.ListenerList::iterator (12 bytes)
Event: 5.205 Thread 0x000002b6fb67d8c0 nmethod 2361 0x000002b6e8e39810 code [0x000002b6e8e399c0, 0x000002b6e8e39bf8]
Event: 5.205 Thread 0x000002b6fb67d8c0 2364       3       org.eclipse.core.internal.preferences.EclipsePreferences::firePreferenceEvent (75 bytes)

GC Heap History (12 events):
Event: 2.198 GC heap before
{Heap before GC invocations=1 (full 0):
 PSYoungGen      total 29696K, used 25600K [0x00000000eab00000, 0x00000000ecc00000, 0x0000000100000000)
  eden space 25600K, 100% used [0x00000000eab00000,0x00000000ec400000,0x00000000ec400000)
  from space 4096K, 0% used [0x00000000ec800000,0x00000000ec800000,0x00000000ecc00000)
  to   space 4096K, 0% used [0x00000000ec400000,0x00000000ec400000,0x00000000ec800000)
 ParOldGen       total 68608K, used 0K [0x00000000c0000000, 0x00000000c4300000, 0x00000000eab00000)
  object space 68608K, 0% used [0x00000000c0000000,0x00000000c0000000,0x00000000c4300000)
 Metaspace       used 11055K, committed 11264K, reserved 1064960K
  class space    used 1103K, committed 1216K, reserved 1048576K
}
Event: 2.211 GC heap after
{Heap after GC invocations=1 (full 0):
 PSYoungGen      total 29696K, used 3362K [0x00000000eab00000, 0x00000000ecc00000, 0x0000000100000000)
  eden space 25600K, 0% used [0x00000000eab00000,0x00000000eab00000,0x00000000ec400000)
  from space 4096K, 82% used [0x00000000ec400000,0x00000000ec748828,0x00000000ec800000)
  to   space 4096K, 0% used [0x00000000ec800000,0x00000000ec800000,0x00000000ecc00000)
 ParOldGen       total 68608K, used 35K [0x00000000c0000000, 0x00000000c4300000, 0x00000000eab00000)
  object space 68608K, 0% used [0x00000000c0000000,0x00000000c0008dd0,0x00000000c4300000)
 Metaspace       used 11055K, committed 11264K, reserved 1064960K
  class space    used 1103K, committed 1216K, reserved 1048576K
}
Event: 3.586 GC heap before
{Heap before GC invocations=2 (full 0):
 PSYoungGen      total 29696K, used 28962K [0x00000000eab00000, 0x00000000ecc00000, 0x0000000100000000)
  eden space 25600K, 100% used [0x00000000eab00000,0x00000000ec400000,0x00000000ec400000)
  from space 4096K, 82% used [0x00000000ec400000,0x00000000ec748828,0x00000000ec800000)
  to   space 4096K, 0% used [0x00000000ec800000,0x00000000ec800000,0x00000000ecc00000)
 ParOldGen       total 68608K, used 35K [0x00000000c0000000, 0x00000000c4300000, 0x00000000eab00000)
  object space 68608K, 0% used [0x00000000c0000000,0x00000000c0008dd0,0x00000000c4300000)
 Metaspace       used 15039K, committed 15232K, reserved 1064960K
  class space    used 1526K, committed 1600K, reserved 1048576K
}
Event: 3.594 GC heap after
{Heap after GC invocations=2 (full 0):
 PSYoungGen      total 29696K, used 4087K [0x00000000eab00000, 0x00000000ecc00000, 0x0000000100000000)
  eden space 25600K, 0% used [0x00000000eab00000,0x00000000eab00000,0x00000000ec400000)
  from space 4096K, 99% used [0x00000000ec800000,0x00000000ecbfdd18,0x00000000ecc00000)
  to   space 4096K, 0% used [0x00000000ec400000,0x00000000ec400000,0x00000000ec800000)
 ParOldGen       total 68608K, used 922K [0x00000000c0000000, 0x00000000c4300000, 0x00000000eab00000)
  object space 68608K, 1% used [0x00000000c0000000,0x00000000c00e6930,0x00000000c4300000)
 Metaspace       used 15039K, committed 15232K, reserved 1064960K
  class space    used 1526K, committed 1600K, reserved 1048576K
}
Event: 4.250 GC heap before
{Heap before GC invocations=3 (full 0):
 PSYoungGen      total 29696K, used 29687K [0x00000000eab00000, 0x00000000ecc00000, 0x0000000100000000)
  eden space 25600K, 100% used [0x00000000eab00000,0x00000000ec400000,0x00000000ec400000)
  from space 4096K, 99% used [0x00000000ec800000,0x00000000ecbfdd18,0x00000000ecc00000)
  to   space 4096K, 0% used [0x00000000ec400000,0x00000000ec400000,0x00000000ec800000)
 ParOldGen       total 68608K, used 922K [0x00000000c0000000, 0x00000000c4300000, 0x00000000eab00000)
  object space 68608K, 1% used [0x00000000c0000000,0x00000000c00e6930,0x00000000c4300000)
 Metaspace       used 20071K, committed 20480K, reserved 1073152K
  class space    used 2032K, committed 2176K, reserved 1048576K
}
Event: 4.256 GC heap after
{Heap after GC invocations=3 (full 0):
 PSYoungGen      total 29696K, used 4090K [0x00000000eab00000, 0x00000000ecc00000, 0x0000000100000000)
  eden space 25600K, 0% used [0x00000000eab00000,0x00000000eab00000,0x00000000ec400000)
  from space 4096K, 99% used [0x00000000ec400000,0x00000000ec7febe8,0x00000000ec800000)
  to   space 4096K, 0% used [0x00000000ec800000,0x00000000ec800000,0x00000000ecc00000)
 ParOldGen       total 68608K, used 3169K [0x00000000c0000000, 0x00000000c4300000, 0x00000000eab00000)
  object space 68608K, 4% used [0x00000000c0000000,0x00000000c0318590,0x00000000c4300000)
 Metaspace       used 20071K, committed 20480K, reserved 1073152K
  class space    used 2032K, committed 2176K, reserved 1048576K
}
Event: 4.505 GC heap before
{Heap before GC invocations=4 (full 0):
 PSYoungGen      total 29696K, used 10714K [0x00000000eab00000, 0x00000000ecc00000, 0x0000000100000000)
  eden space 25600K, 25% used [0x00000000eab00000,0x00000000eb177cc8,0x00000000ec400000)
  from space 4096K, 99% used [0x00000000ec400000,0x00000000ec7febe8,0x00000000ec800000)
  to   space 4096K, 0% used [0x00000000ec800000,0x00000000ec800000,0x00000000ecc00000)
 ParOldGen       total 68608K, used 3169K [0x00000000c0000000, 0x00000000c4300000, 0x00000000eab00000)
  object space 68608K, 4% used [0x00000000c0000000,0x00000000c0318590,0x00000000c4300000)
 Metaspace       used 21098K, committed 21504K, reserved 1073152K
  class space    used 2153K, committed 2304K, reserved 1048576K
}
Event: 4.511 GC heap after
{Heap after GC invocations=4 (full 0):
 PSYoungGen      total 29696K, used 4087K [0x00000000eab00000, 0x00000000ecc00000, 0x0000000100000000)
  eden space 25600K, 0% used [0x00000000eab00000,0x00000000eab00000,0x00000000ec400000)
  from space 4096K, 99% used [0x00000000ec800000,0x00000000ecbfdfc0,0x00000000ecc00000)
  to   space 4096K, 0% used [0x00000000ec400000,0x00000000ec400000,0x00000000ec800000)
 ParOldGen       total 68608K, used 3385K [0x00000000c0000000, 0x00000000c4300000, 0x00000000eab00000)
  object space 68608K, 4% used [0x00000000c0000000,0x00000000c034e5d0,0x00000000c4300000)
 Metaspace       used 21098K, committed 21504K, reserved 1073152K
  class space    used 2153K, committed 2304K, reserved 1048576K
}
Event: 4.511 GC heap before
{Heap before GC invocations=5 (full 1):
 PSYoungGen      total 29696K, used 4087K [0x00000000eab00000, 0x00000000ecc00000, 0x0000000100000000)
  eden space 25600K, 0% used [0x00000000eab00000,0x00000000eab00000,0x00000000ec400000)
  from space 4096K, 99% used [0x00000000ec800000,0x00000000ecbfdfc0,0x00000000ecc00000)
  to   space 4096K, 0% used [0x00000000ec400000,0x00000000ec400000,0x00000000ec800000)
 ParOldGen       total 68608K, used 3385K [0x00000000c0000000, 0x00000000c4300000, 0x00000000eab00000)
  object space 68608K, 4% used [0x00000000c0000000,0x00000000c034e5d0,0x00000000c4300000)
 Metaspace       used 21098K, committed 21504K, reserved 1073152K
  class space    used 2153K, committed 2304K, reserved 1048576K
}
Event: 4.548 GC heap after
{Heap after GC invocations=5 (full 1):
 PSYoungGen      total 29696K, used 0K [0x00000000eab00000, 0x00000000ecc00000, 0x0000000100000000)
  eden space 25600K, 0% used [0x00000000eab00000,0x00000000eab00000,0x00000000ec400000)
  from space 4096K, 0% used [0x00000000ec800000,0x00000000ec800000,0x00000000ecc00000)
  to   space 4096K, 0% used [0x00000000ec400000,0x00000000ec400000,0x00000000ec800000)
 ParOldGen       total 68608K, used 7328K [0x00000000c0000000, 0x00000000c4300000, 0x00000000eab00000)
  object space 68608K, 10% used [0x00000000c0000000,0x00000000c0728198,0x00000000c4300000)
 Metaspace       used 21085K, committed 21504K, reserved 1073152K
  class space    used 2150K, committed 2304K, reserved 1048576K
}
Event: 4.918 GC heap before
{Heap before GC invocations=6 (full 1):
 PSYoungGen      total 29696K, used 25600K [0x00000000eab00000, 0x00000000ecc00000, 0x0000000100000000)
  eden space 25600K, 100% used [0x00000000eab00000,0x00000000ec400000,0x00000000ec400000)
  from space 4096K, 0% used [0x00000000ec800000,0x00000000ec800000,0x00000000ecc00000)
  to   space 4096K, 0% used [0x00000000ec400000,0x00000000ec400000,0x00000000ec800000)
 ParOldGen       total 68608K, used 7328K [0x00000000c0000000, 0x00000000c4300000, 0x00000000eab00000)
  object space 68608K, 10% used [0x00000000c0000000,0x00000000c0728198,0x00000000c4300000)
 Metaspace       used 24620K, committed 25152K, reserved 1073152K
  class space    used 2414K, committed 2624K, reserved 1048576K
}
Event: 4.919 GC heap after
{Heap after GC invocations=6 (full 1):
 PSYoungGen      total 26112K, used 702K [0x00000000eab00000, 0x00000000ec880000, 0x0000000100000000)
  eden space 25088K, 0% used [0x00000000eab00000,0x00000000eab00000,0x00000000ec380000)
  from space 1024K, 68% used [0x00000000ec400000,0x00000000ec4af888,0x00000000ec500000)
  to   space 2560K, 0% used [0x00000000ec600000,0x00000000ec600000,0x00000000ec880000)
 ParOldGen       total 68608K, used 7336K [0x00000000c0000000, 0x00000000c4300000, 0x00000000eab00000)
  object space 68608K, 10% used [0x00000000c0000000,0x00000000c072a198,0x00000000c4300000)
 Metaspace       used 24620K, committed 25152K, reserved 1073152K
  class space    used 2414K, committed 2624K, reserved 1048576K
}

Dll operation events (9 events):
Event: 0.057 Loaded shared library c:\Users\남유찬\.vscode\extensions\redhat.java-1.17.0-win32-x64\jre\17.0.6-win32-x86_64\bin\java.dll
Event: 0.461 Loaded shared library c:\Users\남유찬\.vscode\extensions\redhat.java-1.17.0-win32-x64\jre\17.0.6-win32-x86_64\bin\zip.dll
Event: 0.481 Loaded shared library C:\Users\남유찬\.vscode\extensions\redhat.java-1.17.0-win32-x64\jre\17.0.6-win32-x86_64\bin\instrument.dll
Event: 0.515 Loaded shared library C:\Users\남유찬\.vscode\extensions\redhat.java-1.17.0-win32-x64\jre\17.0.6-win32-x86_64\bin\net.dll
Event: 0.527 Loaded shared library C:\Users\남유찬\.vscode\extensions\redhat.java-1.17.0-win32-x64\jre\17.0.6-win32-x86_64\bin\nio.dll
Event: 0.553 Loaded shared library C:\Users\남유찬\.vscode\extensions\redhat.java-1.17.0-win32-x64\jre\17.0.6-win32-x86_64\bin\zip.dll
Event: 0.598 Loaded shared library C:\Users\남유찬\.vscode\extensions\redhat.java-1.17.0-win32-x64\jre\17.0.6-win32-x86_64\bin\jimage.dll
Event: 0.815 Loaded shared library c:\Users\남유찬\.vscode\extensions\redhat.java-1.17.0-win32-x64\jre\17.0.6-win32-x86_64\bin\verify.dll
Event: 3.428 Loaded shared library C:\Users\남유찬\AppData\Roaming\Code\User\globalStorage\redhat.java\1.17.0\config_ss_win\org.eclipse.equinox.launcher\org.eclipse.equinox.launcher.win32.win32.x86_64_1.2.700.v20221108-1024\eclipse_11801.dll

Deoptimization events (20 events):
Event: 4.272 Thread 0x000002b680a14b30 Uncommon trap: trap_request=0xffffffc6 fr.pc=0x000002b6f0524838 relative=0x0000000000001d18
Event: 4.272 Thread 0x000002b680a14b30 Uncommon trap: reason=bimorphic_or_optimized_type_check action=maybe_recompile pc=0x000002b6f0524838 method=java.io.DataInputStream.readUnsignedShort()I @ 4 c2
Event: 4.272 Thread 0x000002b680a14b30 DEOPT PACKING pc=0x000002b6f0524838 sp=0x000000bd1f0f4bf0
Event: 4.272 Thread 0x000002b680a14b30 DEOPT UNPACKING pc=0x000002b6eff266a3 sp=0x000000bd1f0f4b78 mode 2
Event: 4.277 Thread 0x000002b680a14b30 Uncommon trap: trap_request=0xffffffc6 fr.pc=0x000002b6f0524838 relative=0x0000000000001d18
Event: 4.277 Thread 0x000002b680a14b30 Uncommon trap: reason=bimorphic_or_optimized_type_check action=maybe_recompile pc=0x000002b6f0524838 method=java.io.DataInputStream.readUnsignedShort()I @ 4 c2
Event: 4.277 Thread 0x000002b680a14b30 DEOPT PACKING pc=0x000002b6f0524838 sp=0x000000bd1f0f48b0
Event: 4.277 Thread 0x000002b680a14b30 DEOPT UNPACKING pc=0x000002b6eff266a3 sp=0x000000bd1f0f4838 mode 2
Event: 4.277 Thread 0x000002b680a14b30 Uncommon trap: trap_request=0xffffffc6 fr.pc=0x000002b6f0524838 relative=0x0000000000001d18
Event: 4.277 Thread 0x000002b680a14b30 Uncommon trap: reason=bimorphic_or_optimized_type_check action=maybe_recompile pc=0x000002b6f0524838 method=java.io.DataInputStream.readUnsignedShort()I @ 4 c2
Event: 4.277 Thread 0x000002b680a14b30 DEOPT PACKING pc=0x000002b6f0524838 sp=0x000000bd1f0f47f0
Event: 4.277 Thread 0x000002b680a14b30 DEOPT UNPACKING pc=0x000002b6eff266a3 sp=0x000000bd1f0f4778 mode 2
Event: 4.278 Thread 0x000002b680a14b30 Uncommon trap: trap_request=0xffffffc6 fr.pc=0x000002b6f0524838 relative=0x0000000000001d18
Event: 4.278 Thread 0x000002b680a14b30 Uncommon trap: reason=bimorphic_or_optimized_type_check action=maybe_recompile pc=0x000002b6f0524838 method=java.io.DataInputStream.readUnsignedShort()I @ 4 c2
Event: 4.278 Thread 0x000002b680a14b30 DEOPT PACKING pc=0x000002b6f0524838 sp=0x000000bd1f0f4740
Event: 4.278 Thread 0x000002b680a14b30 DEOPT UNPACKING pc=0x000002b6eff266a3 sp=0x000000bd1f0f46c8 mode 2
Event: 4.373 Thread 0x000002b680a14b30 Uncommon trap: trap_request=0xffffff45 fr.pc=0x000002b6f04f9940 relative=0x0000000000000040
Event: 4.373 Thread 0x000002b680a14b30 Uncommon trap: reason=unstable_if action=reinterpret pc=0x000002b6f04f9940 method=sun.nio.fs.WindowsPathParser.isSlash(C)Z @ 9 c2
Event: 4.373 Thread 0x000002b680a14b30 DEOPT PACKING pc=0x000002b6f04f9940 sp=0x000000bd1f0f45e0
Event: 4.373 Thread 0x000002b680a14b30 DEOPT UNPACKING pc=0x000002b6eff266a3 sp=0x000000bd1f0f4568 mode 2

Classes unloaded (7 events):
Event: 4.518 Thread 0x000002b6fb651d00 Unloading class 0x0000000100212400 'java/lang/invoke/LambdaForm$MH+0x0000000100212400'
Event: 4.518 Thread 0x000002b6fb651d00 Unloading class 0x0000000100212000 'java/lang/invoke/LambdaForm$MH+0x0000000100212000'
Event: 4.518 Thread 0x000002b6fb651d00 Unloading class 0x0000000100211c00 'java/lang/invoke/LambdaForm$MH+0x0000000100211c00'
Event: 4.518 Thread 0x000002b6fb651d00 Unloading class 0x0000000100211400 'java/lang/invoke/LambdaForm$MH+0x0000000100211400'
Event: 4.518 Thread 0x000002b6fb651d00 Unloading class 0x0000000100211000 'java/lang/invoke/LambdaForm$BMH+0x0000000100211000'
Event: 4.518 Thread 0x000002b6fb651d00 Unloading class 0x0000000100210c00 'java/lang/invoke/LambdaForm$DMH+0x0000000100210c00'
Event: 4.518 Thread 0x000002b6fb651d00 Unloading class 0x000000010020e000 'java/lang/invoke/LambdaForm$DMH+0x000000010020e000'

Classes redefined (0 events):
No events

Internal exceptions (20 events):
Event: 4.073 Thread 0x000002b680a14b30 Exception <a 'java/lang/NoSuchMethodError'{0x00000000ebff27e8}: 'void java.lang.invoke.DelegatingMethodHandle$Holder.delegate(java.lang.Object, java.lang.Object, int, java.lang.Object)'> (0x00000000ebff27e8) 
thrown [s\src\hotspot\share\interpreter\linkResolver.cpp, line 759]
Event: 4.074 Thread 0x000002b680a14b30 Exception <a 'java/lang/NoSuchMethodError'{0x00000000ebff6e78}: 'int java.lang.invoke.DirectMethodHandle$Holder.invokeSpecial(java.lang.Object, java.lang.Object, java.lang.Object)'> (0x00000000ebff6e78) 
thrown [s\src\hotspot\share\interpreter\linkResolver.cpp, line 759]
Event: 4.077 Thread 0x000002b680a14b30 Exception <a 'java/lang/NoSuchMethodError'{0x00000000ec008548}: 'int java.lang.invoke.DirectMethodHandle$Holder.invokeStatic(java.lang.Object, java.lang.Object, int)'> (0x00000000ec008548) 
thrown [s\src\hotspot\share\interpreter\linkResolver.cpp, line 759]
Event: 4.078 Thread 0x000002b680a14b30 Exception <a 'java/lang/NoSuchMethodError'{0x00000000ec00c818}: 'int java.lang.invoke.DirectMethodHandle$Holder.invokeSpecial(java.lang.Object, java.lang.Object, java.lang.Object, int)'> (0x00000000ec00c818) 
thrown [s\src\hotspot\share\interpreter\linkResolver.cpp, line 759]
Event: 4.084 Thread 0x000002b680a14b30 Exception <a 'java/lang/NoSuchMethodError'{0x00000000ec0285d8}: 'java.lang.Object java.lang.invoke.DirectMethodHandle$Holder.invokeStatic(java.lang.Object, java.lang.Object, java.lang.Object, java.lang.Object, int)'> (0x00000000ec0285d8) 
thrown [s\src\hotspot\share\interpreter\linkResolver.cpp, line 759]
Event: 4.088 Thread 0x000002b680a14b30 Exception <a 'java/lang/NoSuchMethodError'{0x00000000ec034890}: 'java.lang.Object java.lang.invoke.DelegatingMethodHandle$Holder.reinvoke_L(java.lang.Object, java.lang.Object, java.lang.Object, java.lang.Object, int, int)'> (0x00000000ec034890) 
thrown [s\src\hotspot\share\interpreter\linkResolver.cpp, line 759]
Event: 4.093 Thread 0x000002b680a14b30 Exception <a 'java/lang/NoSuchMethodError'{0x00000000ec04c8f8}: 'java.lang.Object java.lang.invoke.Invokers$Holder.invokeExact_MT(java.lang.Object, java.lang.Object, java.lang.Object, java.lang.Object)'> (0x00000000ec04c8f8) 
thrown [s\src\hotspot\share\interpreter\linkResolver.cpp, line 759]
Event: 4.282 Thread 0x000002b680a14b30 Exception <a 'java/lang/NoSuchMethodError'{0x00000000eabe5c70}: 'java.lang.Object java.lang.invoke.DirectMethodHandle$Holder.newInvokeSpecial(java.lang.Object, java.lang.Object, java.lang.Object, java.lang.Object, java.lang.Object)'> (0x00000000eabe5c70) 
thrown [s\src\hotspot\share\interpreter\linkResolver.cpp, line 759]
Event: 4.458 Thread 0x000002b680a14b30 Exception <a 'java/lang/NoSuchMethodError'{0x00000000eaf6fd60}: 'java.lang.Object java.lang.invoke.DirectMethodHandle$Holder.invokeSpecial(java.lang.Object, java.lang.Object, java.lang.Object, long, java.lang.Object)'> (0x00000000eaf6fd60) 
thrown [s\src\hotspot\share\interpreter\linkResolver.cpp, line 759]
Event: 4.459 Thread 0x000002b680a14b30 Exception <a 'java/lang/NoSuchMethodError'{0x00000000eaf77f18}: 'java.lang.Object java.lang.invoke.DirectMethodHandle$Holder.newInvokeSpecial(java.lang.Object, java.lang.Object, java.lang.Object, long)'> (0x00000000eaf77f18) 
thrown [s\src\hotspot\share\interpreter\linkResolver.cpp, line 759]
Event: 4.459 Thread 0x000002b680a14b30 Exception <a 'java/lang/NoSuchMethodError'{0x00000000eaf7c4b8}: 'java.lang.Object java.lang.invoke.DirectMethodHandle$Holder.invokeSpecial(java.lang.Object, java.lang.Object, java.lang.Object, java.lang.Object, long)'> (0x00000000eaf7c4b8) 
thrown [s\src\hotspot\share\interpreter\linkResolver.cpp, line 759]
Event: 4.469 Thread 0x000002b680a14b30 Exception <a 'java/lang/NoSuchMethodError'{0x00000000eafefe50}: 'int java.lang.invoke.DirectMethodHandle$Holder.invokeStaticInit(java.lang.Object, java.lang.Object, java.lang.Object)'> (0x00000000eafefe50) 
thrown [s\src\hotspot\share\interpreter\linkResolver.cpp, line 759]
Event: 4.478 Thread 0x000002b680a14b30 Exception <a 'java/lang/IncompatibleClassChangeError'{0x00000000eb058738}: Found class java.lang.Object, but interface was expected> (0x00000000eb058738) 
thrown [s\src\hotspot\share\interpreter\linkResolver.cpp, line 826]
Event: 4.486 Thread 0x000002b680a14b30 Exception <a 'java/lang/NoSuchMethodError'{0x00000000eb06e9a8}: 'java.lang.Object java.lang.invoke.DirectMethodHandle$Holder.invokeSpecial(java.lang.Object, java.lang.Object, java.lang.Object, int, java.lang.Object, java.lang.Object)'> (0x00000000eb06e9a8) 
thrown [s\src\hotspot\share\interpreter\linkResolver.cpp, line 759]
Event: 4.487 Thread 0x000002b680a14b30 Exception <a 'java/lang/NoSuchMethodError'{0x00000000eb077130}: 'java.lang.Object java.lang.invoke.DirectMethodHandle$Holder.newInvokeSpecial(java.lang.Object, java.lang.Object, java.lang.Object, int, java.lang.Object)'> (0x00000000eb077130) 
thrown [s\src\hotspot\share\interpreter\linkResolver.cpp, line 759]
Event: 4.487 Thread 0x000002b680a14b30 Exception <a 'java/lang/NoSuchMethodError'{0x00000000eb07b7c8}: 'java.lang.Object java.lang.invoke.DirectMethodHandle$Holder.invokeSpecial(java.lang.Object, java.lang.Object, java.lang.Object, java.lang.Object, int, java.lang.Object)'> (0x00000000eb07b7c8) 
thrown [s\src\hotspot\share\interpreter\linkResolver.cpp, line 759]
Event: 4.489 Thread 0x000002b680e12a30 Exception <a 'java/lang/NoSuchMethodError'{0x00000000eafc9de0}: 'java.lang.Object java.lang.invoke.DirectMethodHandle$Holder.invokeSpecial(java.lang.Object, java.lang.Object, int, java.lang.Object, java.lang.Object)'> (0x00000000eafc9de0) 
thrown [s\src\hotspot\share\interpreter\linkResolver.cpp, line 759]
Event: 4.490 Thread 0x000002b680e12a30 Exception <a 'java/lang/NoSuchMethodError'{0x00000000eafd14b0}: 'java.lang.Object java.lang.invoke.DirectMethodHandle$Holder.newInvokeSpecial(java.lang.Object, java.lang.Object, int, java.lang.Object)'> (0x00000000eafd14b0) 
thrown [s\src\hotspot\share\interpreter\linkResolver.cpp, line 759]
Event: 4.491 Thread 0x000002b680e12a30 Exception <a 'java/lang/NoSuchMethodError'{0x00000000eafd4fc0}: 'java.lang.Object java.lang.invoke.DirectMethodHandle$Holder.invokeSpecial(java.lang.Object, java.lang.Object, java.lang.Object, int, java.lang.Object)'> (0x00000000eafd4fc0) 
thrown [s\src\hotspot\share\interpreter\linkResolver.cpp, line 759]
Event: 4.561 Thread 0x000002b680e12a30 Exception <a 'java/io/FileNotFoundException'{0x00000000eabd97b0}> (0x00000000eabd97b0) 
thrown [s\src\hotspot\share\prims\jni.cpp, line 516]

VM Operations (20 events):
Event: 3.511 Executing VM operation: HandshakeAllThreads
Event: 3.511 Executing VM operation: HandshakeAllThreads done
Event: 3.511 Executing VM operation: Cleanup
Event: 3.511 Executing VM operation: Cleanup done
Event: 3.586 Executing VM operation: ParallelGCFailedAllocation
Event: 3.594 Executing VM operation: ParallelGCFailedAllocation done
Event: 3.869 Executing VM operation: HandshakeAllThreads
Event: 3.869 Executing VM operation: HandshakeAllThreads done
Event: 3.933 Executing VM operation: HandshakeAllThreads
Event: 3.933 Executing VM operation: HandshakeAllThreads done
Event: 4.070 Executing VM operation: HandshakeAllThreads
Event: 4.070 Executing VM operation: HandshakeAllThreads done
Event: 4.250 Executing VM operation: ParallelGCFailedAllocation
Event: 4.256 Executing VM operation: ParallelGCFailedAllocation done
Event: 4.505 Executing VM operation: CollectForMetadataAllocation
Event: 4.548 Executing VM operation: CollectForMetadataAllocation done
Event: 4.549 Executing VM operation: HandshakeAllThreads
Event: 4.549 Executing VM operation: HandshakeAllThreads done
Event: 4.918 Executing VM operation: ParallelGCFailedAllocation
Event: 4.919 Executing VM operation: ParallelGCFailedAllocation done

Events (20 events):
Event: 4.590 loading class java/io/StringReader
Event: 4.591 loading class java/io/StringReader done
Event: 4.596 loading class java/util/zip/GZIPOutputStream
Event: 4.597 loading class java/util/zip/DeflaterOutputStream
Event: 4.597 loading class java/util/zip/DeflaterOutputStream done
Event: 4.597 loading class java/util/zip/GZIPOutputStream done
Event: 4.599 loading class java/net/SocketTimeoutException
Event: 4.599 loading class java/io/InterruptedIOException
Event: 4.599 loading class java/io/InterruptedIOException done
Event: 4.600 loading class java/net/SocketTimeoutException done
Event: 4.600 loading class java/net/SocketException
Event: 4.600 loading class java/net/SocketException done
Event: 4.600 loading class java/net/UnknownHostException
Event: 4.600 loading class java/net/UnknownHostException done
Event: 4.600 loading class java/net/ProtocolException
Event: 4.600 loading class java/net/ProtocolException done
Event: 4.627 loading class java/io/FileWriter
Event: 4.627 loading class java/io/FileWriter done
Event: 4.627 loading class java/lang/NegativeArraySizeException
Event: 4.627 loading class java/lang/NegativeArraySizeException done


Dynamic libraries:
0x00007ff680530000 - 0x00007ff68053e000 	c:\Users\남유찬\.vscode\extensions\redhat.java-1.17.0-win32-x64\jre\17.0.6-win32-x86_64\bin\java.exe
0x00007ffc846f0000 - 0x00007ffc848e8000 	C:\WINDOWS\SYSTEM32\ntdll.dll
0x00007ffc843f0000 - 0x00007ffc844af000 	C:\WINDOWS\System32\KERNEL32.DLL
0x00007ffc81f70000 - 0x00007ffc8224a000 	C:\WINDOWS\System32\KERNELBASE.dll
0x00007ffc82510000 - 0x00007ffc82610000 	C:\WINDOWS\System32\ucrtbase.dll
0x00007ffc779e0000 - 0x00007ffc779f7000 	c:\Users\남유찬\.vscode\extensions\redhat.java-1.17.0-win32-x64\jre\17.0.6-win32-x86_64\bin\jli.dll
0x00007ffc779c0000 - 0x00007ffc779d9000 	c:\Users\남유찬\.vscode\extensions\redhat.java-1.17.0-win32-x64\jre\17.0.6-win32-x86_64\bin\VCRUNTIME140.dll
0x00007ffc84090000 - 0x00007ffc8422d000 	C:\WINDOWS\System32\USER32.dll
0x00007ffc82720000 - 0x00007ffc82742000 	C:\WINDOWS\System32\win32u.dll
0x00007ffc83fc0000 - 0x00007ffc83feb000 	C:\WINDOWS\System32\GDI32.dll
0x00007ffc82610000 - 0x00007ffc82720000 	C:\WINDOWS\System32\gdi32full.dll
0x00007ffc823b0000 - 0x00007ffc8244d000 	C:\WINDOWS\System32\msvcp_win.dll
0x00007ffc6dc10000 - 0x00007ffc6deaa000 	C:\WINDOWS\WinSxS\amd64_microsoft.windows.common-controls_6595b64144ccf1df_6.0.19041.1110_none_60b5254171f9507e\COMCTL32.dll
0x00007ffc83d40000 - 0x00007ffc83dde000 	C:\WINDOWS\System32\msvcrt.dll
0x00007ffc82b40000 - 0x00007ffc82b70000 	C:\WINDOWS\System32\IMM32.DLL
0x00007ffc7d250000 - 0x00007ffc7d25c000 	c:\Users\남유찬\.vscode\extensions\redhat.java-1.17.0-win32-x64\jre\17.0.6-win32-x86_64\bin\vcruntime140_1.dll
0x00007ffc495e0000 - 0x00007ffc49671000 	c:\Users\남유찬\.vscode\extensions\redhat.java-1.17.0-win32-x64\jre\17.0.6-win32-x86_64\bin\msvcp140.dll
0x00007ffc3e3d0000 - 0x00007ffc3f017000 	c:\Users\남유찬\.vscode\extensions\redhat.java-1.17.0-win32-x64\jre\17.0.6-win32-x86_64\bin\server\jvm.dll
0x00007ffc83450000 - 0x00007ffc834fe000 	C:\WINDOWS\System32\ADVAPI32.dll
0x00007ffc83ff0000 - 0x00007ffc8408c000 	C:\WINDOWS\System32\sechost.dll
0x00007ffc83e90000 - 0x00007ffc83fb6000 	C:\WINDOWS\System32\RPCRT4.dll
0x00007ffc7a970000 - 0x00007ffc7a97a000 	C:\WINDOWS\SYSTEM32\VERSION.dll
0x00007ffc6e470000 - 0x00007ffc6e497000 	C:\WINDOWS\SYSTEM32\WINMM.dll
0x00007ffc6db40000 - 0x00007ffc6db49000 	C:\WINDOWS\SYSTEM32\WSOCK32.dll
0x00007ffc83aa0000 - 0x00007ffc83b0b000 	C:\WINDOWS\System32\WS2_32.dll
0x00007ffc80650000 - 0x00007ffc80662000 	C:\WINDOWS\SYSTEM32\kernel.appcore.dll
0x00007ffc7bcc0000 - 0x00007ffc7bcca000 	c:\Users\남유찬\.vscode\extensions\redhat.java-1.17.0-win32-x64\jre\17.0.6-win32-x86_64\bin\jimage.dll
0x00007ffc801e0000 - 0x00007ffc803c4000 	C:\WINDOWS\SYSTEM32\DBGHELP.DLL
0x00007ffc801a0000 - 0x00007ffc801d4000 	C:\WINDOWS\SYSTEM32\dbgcore.DLL
0x00007ffc81ee0000 - 0x00007ffc81f62000 	C:\WINDOWS\System32\bcryptPrimitives.dll
0x00007ffc779b0000 - 0x00007ffc779be000 	c:\Users\남유찬\.vscode\extensions\redhat.java-1.17.0-win32-x64\jre\17.0.6-win32-x86_64\bin\instrument.dll
0x00007ffc68eb0000 - 0x00007ffc68ed5000 	c:\Users\남유찬\.vscode\extensions\redhat.java-1.17.0-win32-x64\jre\17.0.6-win32-x86_64\bin\java.dll
0x00007ffc77990000 - 0x00007ffc779a8000 	c:\Users\남유찬\.vscode\extensions\redhat.java-1.17.0-win32-x64\jre\17.0.6-win32-x86_64\bin\zip.dll
0x00007ffc82b70000 - 0x00007ffc832b4000 	C:\WINDOWS\System32\SHELL32.dll
0x00007ffc7f9f0000 - 0x00007ffc80183000 	C:\WINDOWS\SYSTEM32\windows.storage.dll
0x00007ffc827e0000 - 0x00007ffc82b34000 	C:\WINDOWS\System32\combase.dll
0x00007ffc81780000 - 0x00007ffc817ae000 	C:\WINDOWS\SYSTEM32\Wldp.dll
0x00007ffc83de0000 - 0x00007ffc83e8d000 	C:\WINDOWS\System32\SHCORE.dll
0x00007ffc84650000 - 0x00007ffc846a5000 	C:\WINDOWS\System32\shlwapi.dll
0x00007ffc81d40000 - 0x00007ffc81d5f000 	C:\WINDOWS\SYSTEM32\profapi.dll
0x00007ffc6c910000 - 0x00007ffc6c929000 	C:\Users\남유찬\.vscode\extensions\redhat.java-1.17.0-win32-x64\jre\17.0.6-win32-x86_64\bin\net.dll
0x00007ffc7f660000 - 0x00007ffc7f76a000 	C:\WINDOWS\SYSTEM32\WINHTTP.dll
0x00007ffc814e0000 - 0x00007ffc8154a000 	C:\WINDOWS\system32\mswsock.dll
0x00007ffc60be0000 - 0x00007ffc60bf5000 	C:\Users\남유찬\.vscode\extensions\redhat.java-1.17.0-win32-x64\jre\17.0.6-win32-x86_64\bin\nio.dll
0x00007ffc77690000 - 0x00007ffc776a0000 	c:\Users\남유찬\.vscode\extensions\redhat.java-1.17.0-win32-x64\jre\17.0.6-win32-x86_64\bin\verify.dll
0x00007ffc577c0000 - 0x00007ffc577fe000 	C:\Users\남유찬\AppData\Roaming\Code\User\globalStorage\redhat.java\1.17.0\config_ss_win\org.eclipse.equinox.launcher\org.eclipse.equinox.launcher.win32.win32.x86_64_1.2.700.v20221108-1024\eclipse_11801.dll
0x00007ffc83500000 - 0x00007ffc8362a000 	C:\WINDOWS\System32\ole32.dll

dbghelp: loaded successfully - version: 4.0.5 - missing functions: none
symbol engine: initialized successfully - sym options: 0x614 - pdb path: .;c:\Users\남유찬\.vscode\extensions\redhat.java-1.17.0-win32-x64\jre\17.0.6-win32-x86_64\bin;C:\WINDOWS\SYSTEM32;C:\WINDOWS\WinSxS\amd64_microsoft.windows.common-controls_6595b64144ccf1df_6.0.19041.1110_none_60b5254171f9507e;c:\Users\남유찬\.vscode\extensions\redhat.java-1.17.0-win32-x64\jre\17.0.6-win32-x86_64\bin\;c:\Users\남유찬\.vscode\extensions\redhat.java-1.17.0-win32-x64\jre\17.0.6-win32-x86_64\b;c:\Users\남유찬\.vscode\extensions\redhat.java-1.17.0-win32-x64\jre\17.0.6-win32-x86_6;c:\Users\남유찬\.vscode\extensions\redhat.java-1.17.0-win32-x64\jre\17.0.6-win32-x8;c:\Users\남유찬\.vscode\extensions\redhat.java-1.17.0-win32-x64\jre\17.0.6-win32;c:\Users\남유찬\.vscode\extensions\redhat.java-1.17.0-win32-x64\jre\17.0.6-wi;c:\Users\남유찬\.vscode\extensions\redhat.java-1.17.0-win32-x64\jre\17.0.6-win32-x86_64\bin\server;C:\Users\남유찬\AppData\Roaming\Code\User\globalStorage\redhat.java\1.17.0\config_ss_win\org.eclipse.equinox.launcher\org.eclipse.equinox.launcher.win32.win32.x8

VM Arguments:
jvm_args: --add-modules=ALL-SYSTEM --add-opens=java.base/java.util=ALL-UNNAMED --add-opens=java.base/java.lang=ALL-UNNAMED --add-opens=java.base/sun.nio.fs=ALL-UNNAMED -Declipse.application=org.eclipse.jdt.ls.core.id1 -Dosgi.bundles.defaultStartLevel=4 -Declipse.product=org.eclipse.jdt.ls.core.product -Djava.import.generatesMetadataFilesAtProjectRoot=false -Dfile.encoding=utf8 -XX:+UseParallelGC -XX:GCTimeRatio=4 -XX:AdaptiveSizePolicyWeight=90 -Dsun.zip.disableMemoryMapping=true -Xmx1G -Xms100m -Xlog:disable -javaagent:c:\Users\남유찬\.vscode\extensions\redhat.java-1.17.0-win32-x64\lombok\lombok-1.18.24.jar 
java_command: c:\Users\남유찬\.vscode\extensions\redhat.java-1.17.0-win32-x64\server\plugins\org.eclipse.equinox.launcher_1.6.400.v20210924-0641.jar -configuration c:\Users\남유찬\AppData\Roaming\Code\User\globalStorage\redhat.java\1.17.0\config_ss_win -data c:\Users\남유찬\AppData\Roaming\Code\User\workspaceStorage\66f2d1981fec2df113eeb0e08de2089d\redhat.java\ss_ws
java_class_path (initial): c:\Users\남유찬\.vscode\extensions\redhat.java-1.17.0-win32-x64\server\plugins\org.eclipse.equinox.launcher_1.6.400.v20210924-0641.jar
Launcher Type: SUN_STANDARD

[Global flags]
    uintx AdaptiveSizePolicyWeight                 = 90                                        {product} {command line}
     intx CICompilerCount                          = 4                                         {product} {ergonomic}
    uintx GCTimeRatio                              = 4                                         {product} {command line}
   size_t InitialHeapSize                          = 104857600                                 {product} {command line}
   size_t MaxHeapSize                              = 1073741824                                {product} {command line}
   size_t MaxNewSize                               = 357564416                                 {product} {ergonomic}
   size_t MinHeapDeltaBytes                        = 524288                                    {product} {ergonomic}
   size_t MinHeapSize                              = 104857600                                 {product} {command line}
   size_t NewSize                                  = 34603008                                  {product} {ergonomic}
    uintx NonNMethodCodeHeapSize                   = 5839372                                {pd product} {ergonomic}
    uintx NonProfiledCodeHeapSize                  = 122909434                              {pd product} {ergonomic}
   size_t OldSize                                  = 70254592                                  {product} {ergonomic}
    uintx ProfiledCodeHeapSize                     = 122909434                              {pd product} {ergonomic}
    uintx ReservedCodeCacheSize                    = 251658240                              {pd product} {ergonomic}
     bool SegmentedCodeCache                       = true                                      {product} {ergonomic}
   size_t SoftMaxHeapSize                          = 1073741824                             {manageable} {ergonomic}
     bool UseCompressedClassPointers               = true                           {product lp64_product} {ergonomic}
     bool UseCompressedOops                        = true                           {product lp64_product} {ergonomic}
     bool UseLargePagesIndividualAllocation        = false                                  {pd product} {ergonomic}
     bool UseParallelGC                            = true                                      {product} {command line}

Logging:
Log output configuration:
 #0: stdout all=off uptime,level,tags
 #1: stderr all=off uptime,level,tags

Environment Variables:
PATH=C:\Program Files\Eclipse Adoptium\jdk-17.0.6.10-hotspot\bin;C:\Program Files (x86)\NVIDIA Corporation\PhysX\Common;C:\Program Files\Common Files\Oracle\Java\javapath;C:\Program Files (x86)\Common Files\Oracle\Java\javapath;C:\Program Files (x86)\Intel\Intel(R) Management Engine Components\iCLS\;C:\Program Files\Intel\Intel(R) Management Engine Components\iCLS\;C:\WINDOWS\system32;C:\WINDOWS;C:\WINDOWS\System32\Wbem;C:\WINDOWS\System32\WindowsPowerShell\v1.0\;C:\WINDOWS\System32\OpenSSH\;C:\Program Files (x86)\Intel\Intel(R) Management Engine Components\DAL;C:\Program Files\Intel\Intel(R) Management Engine Components\DAL;C:\Program Files\Microsoft SQL Server\130\Tools\Binn\;C:\Program Files\Git\cmd;C:\ana3;C:\ana3\Scripts;C:\Program Files\PuTTY\;C:\Program Files\dotnet\;C:\mingw64\bin;C:\Program Files\nodejs\;C:\Users\남유찬\AppData\Roaming\npm;C:\Users\남유찬\AppData\Local\Programs\Python\Python39\Scripts\;C:\Users\남유찬\AppData\Local\Programs\Python\Python39\;C:\Users\남유찬\AppData\Local\Microsoft\WindowsApps;C:\Users\남유찬\AppData\Local\Microsoft\WindowsApps;C:\Android\SDK\tools;C:\Android\SDK\platform-tools;;C:\Users\남유찬\AppData\Local\afreeca;C:\Users\남유찬\AppData\Local\Programs\Microsoft VS Code\bin;C:\Users\남유찬\AppData\Roaming\npm
USERNAME=NYC326
OS=Windows_NT
PROCESSOR_IDENTIFIER=Intel64 Family 6 Model 142 Stepping 11, GenuineIntel
TMP=C:\Users\남유찬\AppData\Local\Temp
TEMP=C:\Users\남유찬\AppData\Local\Temp



---------------  S Y S T E M  ---------------

OS:
 Windows 10 , 64 bit Build 19041 (10.0.19041.2788)
OS uptime: 0 days 4:46 hours

CPU: total 8 (initial active 8) (4 cores per cpu, 2 threads per core) family 6 model 142 stepping 11 microcode 0xae, cx8, cmov, fxsr, ht, mmx, 3dnowpref, sse, sse2, sse3, ssse3, sse4.1, sse4.2, popcnt, lzcnt, tsc, tscinvbit, avx, avx2, aes, erms, clmul, bmi1, bmi2, adx, fma, vzeroupper, clflush, clflushopt

Memory: 4k page, system-wide physical 7986M (726M free)
TotalPageFile size 9880M (AvailPageFile size 36M)
current process WorkingSet (physical memory assigned to process): 124M, peak: 124M
current process commit charge ("private bytes"): 229M, peak: 229M

vm_info: OpenJDK 64-Bit Server VM (17.0.6+10) for windows-amd64 JRE (17.0.6+10), built on Jan 18 2023 10:08:59 by "temurin" with MS VC++ 16.7 (VS2019)

END.
