#
# There is insufficient memory for the Java Runtime Environment to continue.
# Native memory allocation (mmap) failed to map 65536 bytes for Failed to commit metaspace.
# Possible reasons:
#   The system is out of physical RAM or swap space
#   The process is running with CompressedOops enabled, and the Java Heap may be blocking the growth of the native heap
# Possible solutions:
#   Reduce memory load on the system
#   Increase physical memory or swap space
#   Check if swap backing store is full
#   Decrease Java heap size (-Xmx/-Xms)
#   Decrease number of Java threads
#   Decrease Java thread stack sizes (-Xss)
#   Set larger code cache with -XX:ReservedCodeCacheSize=
#   JVM is running with Unscaled Compressed Oops mode in which the Java heap is
#     placed in the first 4GB address space. The Java Heap base address is the
#     maximum limit for the native heap growth. Please use -XX:HeapBaseMinAddress
#     to set the Java Heap base and to place the Java Heap above 4GB virtual address.
# This output file may be truncated or incomplete.
#
#  Out of Memory Error (virtualSpaceNode.cpp:110), pid=14896, tid=18312
#
# JRE version: OpenJDK Runtime Environment Temurin-17.0.6+10 (17.0.6+10) (build 17.0.6+10)
# Java VM: OpenJDK 64-Bit Server VM Temurin-17.0.6+10 (17.0.6+10, mixed mode, tiered, compressed oops, compressed class ptrs, parallel gc, windows-amd64)
# No core dump will be written. Minidumps are not enabled by default on client versions of Windows
#

---------------  S U M M A R Y ------------

Command Line: --add-modules=ALL-SYSTEM --add-opens=java.base/java.util=ALL-UNNAMED --add-opens=java.base/java.lang=ALL-UNNAMED --add-opens=java.base/sun.nio.fs=ALL-UNNAMED -Declipse.application=org.eclipse.jdt.ls.core.id1 -Dosgi.bundles.defaultStartLevel=4 -Declipse.product=org.eclipse.jdt.ls.core.product -Djava.import.generatesMetadataFilesAtProjectRoot=false -Dfile.encoding=utf8 -XX:+UseParallelGC -XX:GCTimeRatio=4 -XX:AdaptiveSizePolicyWeight=90 -Dsun.zip.disableMemoryMapping=true -Xmx1G -Xms100m -Xlog:disable -javaagent:c:\Users\남유찬\.vscode\extensions\redhat.java-1.17.0-win32-x64\lombok\lombok-1.18.24.jar -XX:+HeapDumpOnOutOfMemoryError -XX:HeapDumpPath=c:\Users\남유찬\AppData\Roaming\Code\User\workspaceStorage\66f2d1981fec2df113eeb0e08de2089d\redhat.java -Daether.dependencyCollector.impl=bf c:\Users\남유찬\.vscode\extensions\redhat.java-1.17.0-win32-x64\server\plugins\org.eclipse.equinox.launcher_1.6.400.v20210924-0641.jar -configuration c:\Users\남유찬\AppData\Roaming\Code\User\globalStorage\redhat.java\1.17.0\config_win -data c:\Users\남유찬\AppData\Roaming\Code\User\workspaceStorage\66f2d1981fec2df113eeb0e08de2089d\redhat.java\jdt_ws

Host: Intel(R) Core(TM) i5-8265U CPU @ 1.60GHz, 8 cores, 7G,  Windows 10 , 64 bit Build 19041 (10.0.19041.2788)
Time: Sat Apr 22 17:51:52 2023  Windows 10 , 64 bit Build 19041 (10.0.19041.2788) elapsed time: 2.200114 seconds (0d 0h 0m 2s)

---------------  T H R E A D  ---------------

Current thread (0x0000029f4ae9fe40):  JavaThread "main" [_thread_in_vm, id=18312, stack(0x000000eba9600000,0x000000eba9700000)]

Stack: [0x000000eba9600000,0x000000eba9700000]
Native frames: (J=compiled Java code, j=interpreted, Vv=VM code, C=native code)
V  [jvm.dll+0x67741a]
V  [jvm.dll+0x834434]
V  [jvm.dll+0x835bde]
V  [jvm.dll+0x836243]
V  [jvm.dll+0x2457b5]
V  [jvm.dll+0x8304cb]
V  [jvm.dll+0x61bca6]
V  [jvm.dll+0x1c05fe]
V  [jvm.dll+0x61e5f1]
V  [jvm.dll+0x61c646]
V  [jvm.dll+0x36b462]
V  [jvm.dll+0x1e20cb]
V  [jvm.dll+0x53c6f9]
V  [jvm.dll+0x1f1017]
V  [jvm.dll+0x7aea1b]
V  [jvm.dll+0x7afdc2]
V  [jvm.dll+0x7b0559]
V  [jvm.dll+0x1eb654]
V  [jvm.dll+0x1e085a]
V  [jvm.dll+0x53c6d0]
V  [jvm.dll+0x1f1017]
V  [jvm.dll+0x7aea1b]
V  [jvm.dll+0x7afdc2]
V  [jvm.dll+0x7b00f8]
V  [jvm.dll+0x23dbbe]
V  [jvm.dll+0x37ecce]
C  0x0000029f5507ae05

Java frames: (J=compiled Java code, j=interpreted, Vv=VM code)
j  java.util.concurrent.locks.ReentrantReadWriteLock.<init>(Z)V+19 java.base@17.0.6
j  java.util.concurrent.locks.ReentrantReadWriteLock.<init>()V+2 java.base@17.0.6
j  org.eclipse.osgi.internal.log.ExtendedLogReaderServiceFactory.<init>(ILorg/osgi/service/log/LogLevel;)V+9
j  org.eclipse.osgi.internal.log.LogServiceManager.<init>(ILorg/osgi/service/log/LogLevel;Z[Lorg/osgi/service/log/LogListener;)V+11
j  org.eclipse.osgi.internal.log.EquinoxLogServices.<init>(Lorg/eclipse/osgi/internal/framework/EquinoxConfiguration;)V+355
j  org.eclipse.osgi.internal.framework.EquinoxContainer.<init>(Ljava/util/Map;Lorg/osgi/framework/connect/ModuleConnector;)V+96
j  org.eclipse.osgi.launch.Equinox.<init>(Ljava/util/Map;Lorg/osgi/framework/connect/ModuleConnector;)V+10
j  org.eclipse.osgi.launch.Equinox.<init>(Ljava/util/Map;)V+3
j  org.eclipse.core.runtime.adaptor.EclipseStarter.startup([Ljava/lang/String;Ljava/lang/Runnable;)Lorg/osgi/framework/BundleContext;+28
j  org.eclipse.core.runtime.adaptor.EclipseStarter.run([Ljava/lang/String;Ljava/lang/Runnable;)Ljava/lang/Object;+21
v  ~StubRoutines::call_stub
j  jdk.internal.reflect.NativeMethodAccessorImpl.invoke0(Ljava/lang/reflect/Method;Ljava/lang/Object;[Ljava/lang/Object;)Ljava/lang/Object;+0 java.base@17.0.6
j  jdk.internal.reflect.NativeMethodAccessorImpl.invoke(Ljava/lang/Object;[Ljava/lang/Object;)Ljava/lang/Object;+133 java.base@17.0.6
j  jdk.internal.reflect.DelegatingMethodAccessorImpl.invoke(Ljava/lang/Object;[Ljava/lang/Object;)Ljava/lang/Object;+6 java.base@17.0.6
j  java.lang.reflect.Method.invoke(Ljava/lang/Object;[Ljava/lang/Object;)Ljava/lang/Object;+59 java.base@17.0.6
j  org.eclipse.equinox.launcher.Main.invokeFramework([Ljava/lang/String;[Ljava/net/URL;)V+201
j  org.eclipse.equinox.launcher.Main.basicRun([Ljava/lang/String;)V+159
j  org.eclipse.equinox.launcher.Main.run([Ljava/lang/String;)I+4
j  org.eclipse.equinox.launcher.Main.main([Ljava/lang/String;)V+10
v  ~StubRoutines::call_stub

---------------  P R O C E S S  ---------------

Threads class SMR info:
_java_thread_list=0x0000029f64d02190, length=12, elements={
0x0000029f4ae9fe40, 0x0000029f608145c0, 0x0000029f60816ab0, 0x0000029f5ed2db20,
0x0000029f5ed2e5e0, 0x0000029f6085a8c0, 0x0000029f6085e670, 0x0000029f608439f0,
0x0000029f60846620, 0x0000029f60846b30, 0x0000029f5ebb1230, 0x0000029f60be75d0
}

Java Threads: ( => current thread )
=>0x0000029f4ae9fe40 JavaThread "main" [_thread_in_vm, id=18312, stack(0x000000eba9600000,0x000000eba9700000)]
  0x0000029f608145c0 JavaThread "Reference Handler" daemon [_thread_blocked, id=18204, stack(0x000000eba9900000,0x000000eba9a00000)]
  0x0000029f60816ab0 JavaThread "Finalizer" daemon [_thread_blocked, id=16392, stack(0x000000eba9a00000,0x000000eba9b00000)]
  0x0000029f5ed2db20 JavaThread "Signal Dispatcher" daemon [_thread_blocked, id=13252, stack(0x000000eba9b00000,0x000000eba9c00000)]
  0x0000029f5ed2e5e0 JavaThread "Attach Listener" daemon [_thread_blocked, id=15660, stack(0x000000eba9c00000,0x000000eba9d00000)]
  0x0000029f6085a8c0 JavaThread "Service Thread" daemon [_thread_blocked, id=18708, stack(0x000000eba9d00000,0x000000eba9e00000)]
  0x0000029f6085e670 JavaThread "Monitor Deflation Thread" daemon [_thread_blocked, id=1008, stack(0x000000eba9e00000,0x000000eba9f00000)]
  0x0000029f608439f0 JavaThread "C2 CompilerThread0" daemon [_thread_blocked, id=3560, stack(0x000000eba9f00000,0x000000ebaa000000)]
  0x0000029f60846620 JavaThread "C1 CompilerThread0" daemon [_thread_blocked, id=15512, stack(0x000000ebaa000000,0x000000ebaa100000)]
  0x0000029f60846b30 JavaThread "Sweeper thread" daemon [_thread_blocked, id=7844, stack(0x000000ebaa100000,0x000000ebaa200000)]
  0x0000029f5ebb1230 JavaThread "Common-Cleaner" daemon [_thread_blocked, id=10216, stack(0x000000ebaa200000,0x000000ebaa300000)]
  0x0000029f60be75d0 JavaThread "Notification Thread" daemon [_thread_blocked, id=6716, stack(0x000000ebaa300000,0x000000ebaa400000)]

Other Threads:
  0x0000029f60811d00 VMThread "VM Thread" [stack: 0x000000eba9800000,0x000000eba9900000] [id=5740]
  0x0000029f60a89460 WatcherThread [stack: 0x000000ebaa400000,0x000000ebaa500000] [id=18536]
  0x0000029f4aeb5840 GCTaskThread "GC Thread#0" [stack: 0x000000eba9700000,0x000000eba9800000] [id=8552]

Threads with active compile tasks:

VM state: not at safepoint (normal execution)

VM Mutex/Monitor currently owned by a thread:  ([mutex/lock_event])
[0x0000029f4ae9aa40] Metaspace_lock - owner thread: 0x0000029f4ae9fe40

Heap address: 0x00000000c0000000, size: 1024 MB, Compressed Oops mode: 32-bit

CDS archive(s) not mapped
Compressed class space mapped at: 0x0000000100000000-0x0000000140000000, reserved size: 1073741824
Narrow klass base: 0x0000000000000000, Narrow klass shift: 3, Narrow klass range: 0x140000000

GC Precious Log:
 CPUs: 8 total, 8 available
 Memory: 7986M
 Large Page Support: Disabled
 NUMA Support: Disabled
 Compressed Oops: Enabled (32-bit)
 Alignments: Space 512K, Generation 512K, Heap 2M
 Heap Min Capacity: 100M
 Heap Initial Capacity: 100M
 Heap Max Capacity: 1G
 Pre-touch: Disabled
 Parallel Workers: 8

Heap:
 PSYoungGen      total 29696K, used 23480K [0x00000000eab00000, 0x00000000ecc00000, 0x0000000100000000)
  eden space 25600K, 91% used [0x00000000eab00000,0x00000000ec1ee3c0,0x00000000ec400000)
  from space 4096K, 0% used [0x00000000ec800000,0x00000000ec800000,0x00000000ecc00000)
  to   space 4096K, 0% used [0x00000000ec400000,0x00000000ec400000,0x00000000ec800000)
 ParOldGen       total 68608K, used 0K [0x00000000c0000000, 0x00000000c4300000, 0x00000000eab00000)
  object space 68608K, 0% used [0x00000000c0000000,0x00000000c0000000,0x00000000c4300000)
 Metaspace       used 10444K, committed 10560K, reserved 1064960K
  class space    used 1037K, committed 1088K, reserved 1048576K

Card table byte_map: [0x0000029f4a850000,0x0000029f4aa60000] _byte_map_base: 0x0000029f4a250000

Marking Bits: (ParMarkBitMap*) 0x00007ffc3ef53e70
 Begin Bits: [0x0000029f5cb30000, 0x0000029f5db30000)
 End Bits:   [0x0000029f5db30000, 0x0000029f5eb30000)

Polling page: 0x0000029f48dd0000

Metaspace:

Usage:
  Non-class:      9.19 MB used.
      Class:      1.01 MB used.
       Both:     10.20 MB used.

Virtual space:
  Non-class space:       16.00 MB reserved,       9.25 MB ( 58%) committed,  2 nodes.
      Class space:        1.00 GB reserved,       1.06 MB ( <1%) committed,  1 nodes.
             Both:        1.02 GB reserved,      10.31 MB ( <1%) committed. 

Chunk freelists:
   Non-Class:  2.47 MB
       Class:  2.72 MB
        Both:  5.19 MB

MaxMetaspaceSize: unlimited
CompressedClassSpaceSize: 1.00 GB
Initial GC threshold: 21.00 MB
Current GC threshold: 21.00 MB
CDS: off
MetaspaceReclaimPolicy: balanced
 - commit_granule_bytes: 65536.
 - commit_granule_words: 8192.
 - virtual_space_node_default_size: 1048576.
 - enlarge_chunks_in_place: 1.
 - new_chunks_are_fully_committed: 0.
 - uncommit_free_chunks: 1.
 - use_allocation_guard: 0.
 - handle_deallocations: 1.


Internal statistics:

num_allocs_failed_limit: 0.
num_arena_births: 20.
num_arena_deaths: 0.
num_vsnodes_births: 3.
num_vsnodes_deaths: 0.
num_space_committed: 165.
num_space_uncommitted: 0.
num_chunks_returned_to_freelist: 0.
num_chunks_taken_from_freelist: 77.
num_chunk_merges: 0.
num_chunk_splits: 48.
num_chunks_enlarged: 42.
num_purges: 0.
num_inconsistent_stats: 0.

CodeHeap 'non-profiled nmethods': size=120000Kb used=344Kb max_used=344Kb free=119655Kb
 bounds [0x0000029f55600000, 0x0000029f55870000, 0x0000029f5cb30000]
CodeHeap 'profiled nmethods': size=120000Kb used=1464Kb max_used=1464Kb free=118535Kb
 bounds [0x0000029f4db30000, 0x0000029f4dda0000, 0x0000029f55060000]
CodeHeap 'non-nmethods': size=5760Kb used=1147Kb max_used=1189Kb free=4612Kb
 bounds [0x0000029f55060000, 0x0000029f552d0000, 0x0000029f55600000]
 total_blobs=1320 nmethods=881 adapters=354
 compilation: enabled
              stopped_count=0, restarted_count=0
 full_count=0

Compilation events (20 events):
Event: 2.145 Thread 0x0000029f60846620  874       3       java.util.jar.JarVerifier::update (43 bytes)
Event: 2.145 Thread 0x0000029f60846620 nmethod 874 0x0000029f4dc98290 code [0x0000029f4dc98460, 0x0000029f4dc987a8]
Event: 2.147 Thread 0x0000029f60846620  875       3       java.util.jar.JarFile::maybeInstantiateVerifier (42 bytes)
Event: 2.147 Thread 0x0000029f60846620 nmethod 875 0x0000029f4dc98910 code [0x0000029f4dc98ae0, 0x0000029f4dc98e78]
Event: 2.148 Thread 0x0000029f60846620  876  s    3       jdk.internal.perf.PerfCounter::add (18 bytes)
Event: 2.149 Thread 0x0000029f60846620 nmethod 876 0x0000029f4dc98f90 code [0x0000029f4dc99160, 0x0000029f4dc99518]
Event: 2.149 Thread 0x0000029f60846620  877   !   3       jdk.internal.misc.ScopedMemoryAccess::getLong (20 bytes)
Event: 2.150 Thread 0x0000029f60846620 nmethod 877 0x0000029f4dc99710 code [0x0000029f4dc99900, 0x0000029f4dc99e18]
Event: 2.150 Thread 0x0000029f60846620  878   !   3       jdk.internal.misc.ScopedMemoryAccess::putLong (25 bytes)
Event: 2.151 Thread 0x0000029f60846620 nmethod 878 0x0000029f4dc9a090 code [0x0000029f4dc9a280, 0x0000029f4dc9a7d8]
Event: 2.157 Thread 0x0000029f608439f0  879       4       java.lang.String::equals (56 bytes)
Event: 2.159 Thread 0x0000029f608439f0 nmethod 879 0x0000029f55655f90 code [0x0000029f55656100, 0x0000029f556562d8]
Event: 2.161 Thread 0x0000029f60846620  880   !   3       java.util.zip.ZipFile$Source::getEntryPos (173 bytes)
Event: 2.163 Thread 0x0000029f60846620 nmethod 880 0x0000029f4dc9aa90 code [0x0000029f4dc9ad80, 0x0000029f4dc9be28]
Event: 2.167 Thread 0x0000029f60846620  881       3       java.util.zip.ZipCoder::hash (36 bytes)
Event: 2.168 Thread 0x0000029f60846620 nmethod 881 0x0000029f4dc9c890 code [0x0000029f4dc9caa0, 0x0000029f4dc9d1c8]
Event: 2.170 Thread 0x0000029f60846620  882       3       java.security.Provider::checkInitialized (16 bytes)
Event: 2.170 Thread 0x0000029f60846620 nmethod 882 0x0000029f4dc9d510 code [0x0000029f4dc9d6c0, 0x0000029f4dc9d8e8]
Event: 2.172 Thread 0x0000029f60846620  883   !   3       java.util.zip.ZipFile::getEntry (59 bytes)
Event: 2.173 Thread 0x0000029f60846620 nmethod 883 0x0000029f4dc9da10 code [0x0000029f4dc9dc00, 0x0000029f4dc9e058]

GC Heap History (0 events):
No events

Dll operation events (8 events):
Event: 0.042 Loaded shared library c:\Users\남유찬\.vscode\extensions\redhat.java-1.17.0-win32-x64\jre\17.0.6-win32-x86_64\bin\java.dll
Event: 0.467 Loaded shared library c:\Users\남유찬\.vscode\extensions\redhat.java-1.17.0-win32-x64\jre\17.0.6-win32-x86_64\bin\zip.dll
Event: 0.485 Loaded shared library C:\Users\남유찬\.vscode\extensions\redhat.java-1.17.0-win32-x64\jre\17.0.6-win32-x86_64\bin\instrument.dll
Event: 0.522 Loaded shared library C:\Users\남유찬\.vscode\extensions\redhat.java-1.17.0-win32-x64\jre\17.0.6-win32-x86_64\bin\net.dll
Event: 0.552 Loaded shared library C:\Users\남유찬\.vscode\extensions\redhat.java-1.17.0-win32-x64\jre\17.0.6-win32-x86_64\bin\nio.dll
Event: 0.576 Loaded shared library C:\Users\남유찬\.vscode\extensions\redhat.java-1.17.0-win32-x64\jre\17.0.6-win32-x86_64\bin\zip.dll
Event: 0.634 Loaded shared library C:\Users\남유찬\.vscode\extensions\redhat.java-1.17.0-win32-x64\jre\17.0.6-win32-x86_64\bin\jimage.dll
Event: 0.867 Loaded shared library c:\Users\남유찬\.vscode\extensions\redhat.java-1.17.0-win32-x64\jre\17.0.6-win32-x86_64\bin\verify.dll

Deoptimization events (20 events):
Event: 2.106 Thread 0x0000029f4ae9fe40 Uncommon trap: trap_request=0xffffffde fr.pc=0x0000029f5561f4fc relative=0x000000000000007c
Event: 2.106 Thread 0x0000029f4ae9fe40 Uncommon trap: reason=class_check action=maybe_recompile pc=0x0000029f5561f4fc method=java.util.Collections$UnmodifiableCollection$1.hasNext()Z @ 4 c2
Event: 2.106 Thread 0x0000029f4ae9fe40 DEOPT PACKING pc=0x0000029f5561f4fc sp=0x000000eba96fe480
Event: 2.106 Thread 0x0000029f4ae9fe40 DEOPT UNPACKING pc=0x0000029f550b66a3 sp=0x000000eba96fe410 mode 2
Event: 2.106 Thread 0x0000029f4ae9fe40 Uncommon trap: trap_request=0xffffffc6 fr.pc=0x0000029f5562a158 relative=0x00000000000002b8
Event: 2.106 Thread 0x0000029f4ae9fe40 Uncommon trap: reason=bimorphic_or_optimized_type_check action=maybe_recompile pc=0x0000029f5562a158 method=java.util.Collections$UnmodifiableCollection$1.next()Ljava/lang/Object; @ 4 c2
Event: 2.106 Thread 0x0000029f4ae9fe40 DEOPT PACKING pc=0x0000029f5562a158 sp=0x000000eba96fe460
Event: 2.106 Thread 0x0000029f4ae9fe40 DEOPT UNPACKING pc=0x0000029f550b66a3 sp=0x000000eba96fe410 mode 2
Event: 2.106 Thread 0x0000029f4ae9fe40 Uncommon trap: trap_request=0xffffffde fr.pc=0x0000029f5561f4fc relative=0x000000000000007c
Event: 2.106 Thread 0x0000029f4ae9fe40 Uncommon trap: reason=class_check action=maybe_recompile pc=0x0000029f5561f4fc method=java.util.Collections$UnmodifiableCollection$1.hasNext()Z @ 4 c2
Event: 2.106 Thread 0x0000029f4ae9fe40 DEOPT PACKING pc=0x0000029f5561f4fc sp=0x000000eba96fe480
Event: 2.106 Thread 0x0000029f4ae9fe40 DEOPT UNPACKING pc=0x0000029f550b66a3 sp=0x000000eba96fe410 mode 2
Event: 2.106 Thread 0x0000029f4ae9fe40 Uncommon trap: trap_request=0xffffffc6 fr.pc=0x0000029f5562a158 relative=0x00000000000002b8
Event: 2.106 Thread 0x0000029f4ae9fe40 Uncommon trap: reason=bimorphic_or_optimized_type_check action=maybe_recompile pc=0x0000029f5562a158 method=java.util.Collections$UnmodifiableCollection$1.next()Ljava/lang/Object; @ 4 c2
Event: 2.106 Thread 0x0000029f4ae9fe40 DEOPT PACKING pc=0x0000029f5562a158 sp=0x000000eba96fe460
Event: 2.106 Thread 0x0000029f4ae9fe40 DEOPT UNPACKING pc=0x0000029f550b66a3 sp=0x000000eba96fe410 mode 2
Event: 2.106 Thread 0x0000029f4ae9fe40 Uncommon trap: trap_request=0xffffffde fr.pc=0x0000029f5561f4fc relative=0x000000000000007c
Event: 2.106 Thread 0x0000029f4ae9fe40 Uncommon trap: reason=class_check action=maybe_recompile pc=0x0000029f5561f4fc method=java.util.Collections$UnmodifiableCollection$1.hasNext()Z @ 4 c2
Event: 2.106 Thread 0x0000029f4ae9fe40 DEOPT PACKING pc=0x0000029f5561f4fc sp=0x000000eba96fe480
Event: 2.106 Thread 0x0000029f4ae9fe40 DEOPT UNPACKING pc=0x0000029f550b66a3 sp=0x000000eba96fe410 mode 2

Classes unloaded (0 events):
No events

Classes redefined (0 events):
No events

Internal exceptions (14 events):
Event: 0.406 Thread 0x0000029f4ae9fe40 Exception <a 'java/lang/NoSuchMethodError'{0x00000000eac52890}: 'void java.lang.invoke.DirectMethodHandle$Holder.invokeStatic(java.lang.Object, java.lang.Object, java.lang.Object)'> (0x00000000eac52890) 
thrown [s\src\hotspot\share\interpreter\linkResolver.cpp, line 759]
Event: 0.651 Thread 0x0000029f4ae9fe40 Exception <a 'java/lang/NoSuchMethodError'{0x00000000eadf1648}: 'java.lang.Object java.lang.invoke.DirectMethodHandle$Holder.invokeStaticInit(java.lang.Object)'> (0x00000000eadf1648) 
thrown [s\src\hotspot\share\interpreter\linkResolver.cpp, line 759]
Event: 0.656 Thread 0x0000029f4ae9fe40 Exception <a 'java/lang/NoSuchMethodError'{0x00000000eadf7708}: 'java.lang.Object java.lang.invoke.Invokers$Holder.invoke_MT(java.lang.Object, java.lang.Object, java.lang.Object)'> (0x00000000eadf7708) 
thrown [s\src\hotspot\share\interpreter\linkResolver.cpp, line 759]
Event: 1.000 Thread 0x0000029f4ae9fe40 Exception <a 'java/lang/reflect/InvocationTargetException'{0x00000000eafe8050}> (0x00000000eafe8050) 
thrown [s\src\hotspot\share\runtime\reflection.cpp, line 1121]
Event: 1.508 Thread 0x0000029f4ae9fe40 Exception <a 'java/lang/ClassNotFoundException'{0x00000000eb819320}: sun/net/www/protocol/c/Handler> (0x00000000eb819320) 
thrown [s\src\hotspot\share\classfile\systemDictionary.cpp, line 256]
Event: 1.547 Thread 0x0000029f4ae9fe40 Exception <a 'java/io/FileNotFoundException'{0x00000000eb836678}> (0x00000000eb836678) 
thrown [s\src\hotspot\share\prims\jni.cpp, line 516]
Event: 1.550 Thread 0x0000029f4ae9fe40 Exception <a 'java/io/FileNotFoundException'{0x00000000eb837ba8}> (0x00000000eb837ba8) 
thrown [s\src\hotspot\share\prims\jni.cpp, line 516]
Event: 1.551 Thread 0x0000029f4ae9fe40 Exception <a 'java/io/FileNotFoundException'{0x00000000eb8390d0}> (0x00000000eb8390d0) 
thrown [s\src\hotspot\share\prims\jni.cpp, line 516]
Event: 1.585 Thread 0x0000029f4ae9fe40 Exception <a 'java/io/FileNotFoundException'{0x00000000eb83a500}> (0x00000000eb83a500) 
thrown [s\src\hotspot\share\prims\jni.cpp, line 516]
Event: 1.603 Thread 0x0000029f4ae9fe40 Exception <a 'java/io/FileNotFoundException'{0x00000000eb879680}> (0x00000000eb879680) 
thrown [s\src\hotspot\share\prims\jni.cpp, line 516]
Event: 2.041 Thread 0x0000029f4ae9fe40 Exception <a 'java/lang/ClassNotFoundException'{0x00000000ec08b200}: sun/net/www/protocol/c/Handler> (0x00000000ec08b200) 
thrown [s\src\hotspot\share\classfile\systemDictionary.cpp, line 256]
Event: 2.042 Thread 0x0000029f4ae9fe40 Exception <a 'java/lang/ClassNotFoundException'{0x00000000ec08c610}: sun/net/www/protocol/c/Handler> (0x00000000ec08c610) 
thrown [s\src\hotspot\share\classfile\systemDictionary.cpp, line 256]
Event: 2.043 Thread 0x0000029f4ae9fe40 Exception <a 'java/lang/ClassNotFoundException'{0x00000000ec08d740}: sun/net/www/protocol/c/Handler> (0x00000000ec08d740) 
thrown [s\src\hotspot\share\classfile\systemDictionary.cpp, line 256]
Event: 2.105 Thread 0x0000029f4ae9fe40 Exception <a 'java/io/FileNotFoundException'{0x00000000ec0b9570}> (0x00000000ec0b9570) 
thrown [s\src\hotspot\share\prims\jni.cpp, line 516]

VM Operations (10 events):
Event: 0.415 Executing VM operation: HandshakeAllThreads
Event: 0.415 Executing VM operation: HandshakeAllThreads done
Event: 0.710 Executing VM operation: HandshakeAllThreads
Event: 0.710 Executing VM operation: HandshakeAllThreads done
Event: 1.460 Executing VM operation: HandshakeAllThreads
Event: 1.460 Executing VM operation: HandshakeAllThreads done
Event: 1.460 Executing VM operation: Cleanup
Event: 1.462 Executing VM operation: Cleanup done
Event: 1.492 Executing VM operation: HandshakeAllThreads
Event: 1.493 Executing VM operation: HandshakeAllThreads done

Events (20 events):
Event: 2.027 loading class java/util/UUID
Event: 2.027 loading class java/util/UUID done
Event: 2.027 loading class java/util/concurrent/atomic/AtomicBoolean
Event: 2.028 loading class java/util/concurrent/atomic/AtomicBoolean done
Event: 2.028 loading class java/lang/invoke/VarHandleInts$FieldInstanceReadWrite
Event: 2.028 loading class java/lang/invoke/VarHandleInts$FieldInstanceReadOnly
Event: 2.028 loading class java/lang/invoke/VarHandleInts$FieldInstanceReadOnly done
Event: 2.028 loading class java/lang/invoke/VarHandleInts$FieldInstanceReadWrite done
Event: 2.071 loading class java/nio/file/FileVisitor
Event: 2.071 loading class java/nio/file/FileVisitor done
Event: 2.114 Thread 0x0000029f647dc3d0 Thread exited: 0x0000029f647dc3d0
Event: 2.114 Thread 0x0000029f60bee5d0 Thread exited: 0x0000029f60bee5d0
Event: 2.124 loading class java/io/StringWriter
Event: 2.124 loading class java/io/StringWriter done
Event: 2.177 loading class java/util/concurrent/locks/ReentrantReadWriteLock
Event: 2.177 loading class java/util/concurrent/locks/ReadWriteLock
Event: 2.177 loading class java/util/concurrent/locks/ReadWriteLock done
Event: 2.177 loading class java/util/concurrent/locks/ReentrantReadWriteLock done
Event: 2.177 loading class java/util/concurrent/locks/ReentrantReadWriteLock$NonfairSync
Event: 2.177 loading class java/util/concurrent/locks/ReentrantReadWriteLock$Sync


Dynamic libraries:
0x00007ff680530000 - 0x00007ff68053e000 	c:\Users\남유찬\.vscode\extensions\redhat.java-1.17.0-win32-x64\jre\17.0.6-win32-x86_64\bin\java.exe
0x00007ffc846f0000 - 0x00007ffc848e8000 	C:\WINDOWS\SYSTEM32\ntdll.dll
0x00007ffc843f0000 - 0x00007ffc844af000 	C:\WINDOWS\System32\KERNEL32.DLL
0x00007ffc81f70000 - 0x00007ffc8224a000 	C:\WINDOWS\System32\KERNELBASE.dll
0x00007ffc82510000 - 0x00007ffc82610000 	C:\WINDOWS\System32\ucrtbase.dll
0x00007ffc779e0000 - 0x00007ffc779f7000 	c:\Users\남유찬\.vscode\extensions\redhat.java-1.17.0-win32-x64\jre\17.0.6-win32-x86_64\bin\jli.dll
0x00007ffc779c0000 - 0x00007ffc779d9000 	c:\Users\남유찬\.vscode\extensions\redhat.java-1.17.0-win32-x64\jre\17.0.6-win32-x86_64\bin\VCRUNTIME140.dll
0x00007ffc84090000 - 0x00007ffc8422d000 	C:\WINDOWS\System32\USER32.dll
0x00007ffc82720000 - 0x00007ffc82742000 	C:\WINDOWS\System32\win32u.dll
0x00007ffc83fc0000 - 0x00007ffc83feb000 	C:\WINDOWS\System32\GDI32.dll
0x00007ffc82610000 - 0x00007ffc82720000 	C:\WINDOWS\System32\gdi32full.dll
0x00007ffc823b0000 - 0x00007ffc8244d000 	C:\WINDOWS\System32\msvcp_win.dll
0x00007ffc6dc10000 - 0x00007ffc6deaa000 	C:\WINDOWS\WinSxS\amd64_microsoft.windows.common-controls_6595b64144ccf1df_6.0.19041.1110_none_60b5254171f9507e\COMCTL32.dll
0x00007ffc83d40000 - 0x00007ffc83dde000 	C:\WINDOWS\System32\msvcrt.dll
0x00007ffc82b40000 - 0x00007ffc82b70000 	C:\WINDOWS\System32\IMM32.DLL
0x00007ffc7d250000 - 0x00007ffc7d25c000 	c:\Users\남유찬\.vscode\extensions\redhat.java-1.17.0-win32-x64\jre\17.0.6-win32-x86_64\bin\vcruntime140_1.dll
0x00007ffc495e0000 - 0x00007ffc49671000 	c:\Users\남유찬\.vscode\extensions\redhat.java-1.17.0-win32-x64\jre\17.0.6-win32-x86_64\bin\msvcp140.dll
0x00007ffc3e3d0000 - 0x00007ffc3f017000 	c:\Users\남유찬\.vscode\extensions\redhat.java-1.17.0-win32-x64\jre\17.0.6-win32-x86_64\bin\server\jvm.dll
0x00007ffc83450000 - 0x00007ffc834fe000 	C:\WINDOWS\System32\ADVAPI32.dll
0x00007ffc83ff0000 - 0x00007ffc8408c000 	C:\WINDOWS\System32\sechost.dll
0x00007ffc83e90000 - 0x00007ffc83fb6000 	C:\WINDOWS\System32\RPCRT4.dll
0x00007ffc7a970000 - 0x00007ffc7a97a000 	C:\WINDOWS\SYSTEM32\VERSION.dll
0x00007ffc6db40000 - 0x00007ffc6db49000 	C:\WINDOWS\SYSTEM32\WSOCK32.dll
0x00007ffc6e470000 - 0x00007ffc6e497000 	C:\WINDOWS\SYSTEM32\WINMM.dll
0x00007ffc83aa0000 - 0x00007ffc83b0b000 	C:\WINDOWS\System32\WS2_32.dll
0x00007ffc80650000 - 0x00007ffc80662000 	C:\WINDOWS\SYSTEM32\kernel.appcore.dll
0x00007ffc7bcc0000 - 0x00007ffc7bcca000 	c:\Users\남유찬\.vscode\extensions\redhat.java-1.17.0-win32-x64\jre\17.0.6-win32-x86_64\bin\jimage.dll
0x00007ffc801e0000 - 0x00007ffc803c4000 	C:\WINDOWS\SYSTEM32\DBGHELP.DLL
0x00007ffc801a0000 - 0x00007ffc801d4000 	C:\WINDOWS\SYSTEM32\dbgcore.DLL
0x00007ffc81ee0000 - 0x00007ffc81f62000 	C:\WINDOWS\System32\bcryptPrimitives.dll
0x00007ffc779b0000 - 0x00007ffc779be000 	c:\Users\남유찬\.vscode\extensions\redhat.java-1.17.0-win32-x64\jre\17.0.6-win32-x86_64\bin\instrument.dll
0x00007ffc68eb0000 - 0x00007ffc68ed5000 	c:\Users\남유찬\.vscode\extensions\redhat.java-1.17.0-win32-x64\jre\17.0.6-win32-x86_64\bin\java.dll
0x00007ffc77990000 - 0x00007ffc779a8000 	c:\Users\남유찬\.vscode\extensions\redhat.java-1.17.0-win32-x64\jre\17.0.6-win32-x86_64\bin\zip.dll
0x00007ffc82b70000 - 0x00007ffc832b4000 	C:\WINDOWS\System32\SHELL32.dll
0x00007ffc7f9f0000 - 0x00007ffc80183000 	C:\WINDOWS\SYSTEM32\windows.storage.dll
0x00007ffc827e0000 - 0x00007ffc82b34000 	C:\WINDOWS\System32\combase.dll
0x00007ffc81780000 - 0x00007ffc817ae000 	C:\WINDOWS\SYSTEM32\Wldp.dll
0x00007ffc83de0000 - 0x00007ffc83e8d000 	C:\WINDOWS\System32\SHCORE.dll
0x00007ffc84650000 - 0x00007ffc846a5000 	C:\WINDOWS\System32\shlwapi.dll
0x00007ffc81d40000 - 0x00007ffc81d5f000 	C:\WINDOWS\SYSTEM32\profapi.dll
0x00007ffc6c910000 - 0x00007ffc6c929000 	C:\Users\남유찬\.vscode\extensions\redhat.java-1.17.0-win32-x64\jre\17.0.6-win32-x86_64\bin\net.dll
0x00007ffc7f660000 - 0x00007ffc7f76a000 	C:\WINDOWS\SYSTEM32\WINHTTP.dll
0x00007ffc814e0000 - 0x00007ffc8154a000 	C:\WINDOWS\system32\mswsock.dll
0x00007ffc60be0000 - 0x00007ffc60bf5000 	C:\Users\남유찬\.vscode\extensions\redhat.java-1.17.0-win32-x64\jre\17.0.6-win32-x86_64\bin\nio.dll
0x00007ffc77690000 - 0x00007ffc776a0000 	c:\Users\남유찬\.vscode\extensions\redhat.java-1.17.0-win32-x64\jre\17.0.6-win32-x86_64\bin\verify.dll

dbghelp: loaded successfully - version: 4.0.5 - missing functions: none
symbol engine: initialized successfully - sym options: 0x614 - pdb path: .;c:\Users\남유찬\.vscode\extensions\redhat.java-1.17.0-win32-x64\jre\17.0.6-win32-x86_64\bin;C:\WINDOWS\SYSTEM32;C:\WINDOWS\WinSxS\amd64_microsoft.windows.common-controls_6595b64144ccf1df_6.0.19041.1110_none_60b5254171f9507e;c:\Users\남유찬\.vscode\extensions\redhat.java-1.17.0-win32-x64\jre\17.0.6-win32-x86_64\bin\;c:\Users\남유찬\.vscode\extensions\redhat.java-1.17.0-win32-x64\jre\17.0.6-win32-x86_64\b;c:\Users\남유찬\.vscode\extensions\redhat.java-1.17.0-win32-x64\jre\17.0.6-win32-x86_6;c:\Users\남유찬\.vscode\extensions\redhat.java-1.17.0-win32-x64\jre\17.0.6-win32-x8;c:\Users\남유찬\.vscode\extensions\redhat.java-1.17.0-win32-x64\jre\17.0.6-win32;c:\Users\남유찬\.vscode\extensions\redhat.java-1.17.0-win32-x64\jre\17.0.6-wi

VM Arguments:
jvm_args: --add-modules=ALL-SYSTEM --add-opens=java.base/java.util=ALL-UNNAMED --add-opens=java.base/java.lang=ALL-UNNAMED --add-opens=java.base/sun.nio.fs=ALL-UNNAMED -Declipse.application=org.eclipse.jdt.ls.core.id1 -Dosgi.bundles.defaultStartLevel=4 -Declipse.product=org.eclipse.jdt.ls.core.product -Djava.import.generatesMetadataFilesAtProjectRoot=false -Dfile.encoding=utf8 -XX:+UseParallelGC -XX:GCTimeRatio=4 -XX:AdaptiveSizePolicyWeight=90 -Dsun.zip.disableMemoryMapping=true -Xmx1G -Xms100m -Xlog:disable -javaagent:c:\Users\남유찬\.vscode\extensions\redhat.java-1.17.0-win32-x64\lombok\lombok-1.18.24.jar -XX:+HeapDumpOnOutOfMemoryError -XX:HeapDumpPath=c:\Users\남유찬\AppData\Roaming\Code\User\workspaceStorage\66f2d1981fec2df113eeb0e08de2089d\redhat.java -Daether.dependencyCollector.impl=bf 
java_command: c:\Users\남유찬\.vscode\extensions\redhat.java-1.17.0-win32-x64\server\plugins\org.eclipse.equinox.launcher_1.6.400.v20210924-0641.jar -configuration c:\Users\남유찬\AppData\Roaming\Code\User\globalStorage\redhat.java\1.17.0\config_win -data c:\Users\남유찬\AppData\Roaming\Code\User\workspaceStorage\66f2d1981fec2df113eeb0e08de2089d\redhat.java\jdt_ws
java_class_path (initial): c:\Users\남유찬\.vscode\extensions\redhat.java-1.17.0-win32-x64\server\plugins\org.eclipse.equinox.launcher_1.6.400.v20210924-0641.jar
Launcher Type: SUN_STANDARD

[Global flags]
    uintx AdaptiveSizePolicyWeight                 = 90                                        {product} {command line}
     intx CICompilerCount                          = 4                                         {product} {ergonomic}
    uintx GCTimeRatio                              = 4                                         {product} {command line}
     bool HeapDumpOnOutOfMemoryError               = true                                   {manageable} {command line}
    ccstr HeapDumpPath                             = c:\Users\남유찬\AppData\Roaming\Code\User\workspaceStorage\66f2d1981fec2df113eeb0e08de2089d\redhat.java         {manageable} {command line}
   size_t InitialHeapSize                          = 104857600                                 {product} {command line}
   size_t MaxHeapSize                              = 1073741824                                {product} {command line}
   size_t MaxNewSize                               = 357564416                                 {product} {ergonomic}
   size_t MinHeapDeltaBytes                        = 524288                                    {product} {ergonomic}
   size_t MinHeapSize                              = 104857600                                 {product} {command line}
   size_t NewSize                                  = 34603008                                  {product} {ergonomic}
    uintx NonNMethodCodeHeapSize                   = 5839372                                {pd product} {ergonomic}
    uintx NonProfiledCodeHeapSize                  = 122909434                              {pd product} {ergonomic}
   size_t OldSize                                  = 70254592                                  {product} {ergonomic}
    uintx ProfiledCodeHeapSize                     = 122909434                              {pd product} {ergonomic}
    uintx ReservedCodeCacheSize                    = 251658240                              {pd product} {ergonomic}
     bool SegmentedCodeCache                       = true                                      {product} {ergonomic}
   size_t SoftMaxHeapSize                          = 1073741824                             {manageable} {ergonomic}
     bool UseCompressedClassPointers               = true                           {product lp64_product} {ergonomic}
     bool UseCompressedOops                        = true                           {product lp64_product} {ergonomic}
     bool UseLargePagesIndividualAllocation        = false                                  {pd product} {ergonomic}
     bool UseParallelGC                            = true                                      {product} {command line}

Logging:
Log output configuration:
 #0: stdout all=off uptime,level,tags
 #1: stderr all=off uptime,level,tags

Environment Variables:
PATH=C:\Program Files\Eclipse Adoptium\jdk-17.0.6.10-hotspot\bin;C:\Program Files (x86)\NVIDIA Corporation\PhysX\Common;C:\Program Files\Common Files\Oracle\Java\javapath;C:\Program Files (x86)\Common Files\Oracle\Java\javapath;C:\Program Files (x86)\Intel\Intel(R) Management Engine Components\iCLS\;C:\Program Files\Intel\Intel(R) Management Engine Components\iCLS\;C:\WINDOWS\system32;C:\WINDOWS;C:\WINDOWS\System32\Wbem;C:\WINDOWS\System32\WindowsPowerShell\v1.0\;C:\WINDOWS\System32\OpenSSH\;C:\Program Files (x86)\Intel\Intel(R) Management Engine Components\DAL;C:\Program Files\Intel\Intel(R) Management Engine Components\DAL;C:\Program Files\Microsoft SQL Server\130\Tools\Binn\;C:\Program Files\Git\cmd;C:\ana3;C:\ana3\Scripts;C:\Program Files\PuTTY\;C:\Program Files\dotnet\;C:\mingw64\bin;C:\Program Files\nodejs\;C:\Users\남유찬\AppData\Roaming\npm;C:\Users\남유찬\AppData\Local\Programs\Python\Python39\Scripts\;C:\Users\남유찬\AppData\Local\Programs\Python\Python39\;C:\Users\남유찬\AppData\Local\Microsoft\WindowsApps;C:\Users\남유찬\AppData\Local\Microsoft\WindowsApps;C:\Android\SDK\tools;C:\Android\SDK\platform-tools;;C:\Users\남유찬\AppData\Local\afreeca;C:\Users\남유찬\AppData\Local\Programs\Microsoft VS Code\bin;C:\Users\남유찬\AppData\Roaming\npm
USERNAME=NYC326
OS=Windows_NT
PROCESSOR_IDENTIFIER=Intel64 Family 6 Model 142 Stepping 11, GenuineIntel
TMP=C:\Users\남유찬\AppData\Local\Temp
TEMP=C:\Users\남유찬\AppData\Local\Temp



---------------  S Y S T E M  ---------------

OS:
 Windows 10 , 64 bit Build 19041 (10.0.19041.2788)
OS uptime: 0 days 4:46 hours

CPU: total 8 (initial active 8) (4 cores per cpu, 2 threads per core) family 6 model 142 stepping 11 microcode 0xae, cx8, cmov, fxsr, ht, mmx, 3dnowpref, sse, sse2, sse3, ssse3, sse4.1, sse4.2, popcnt, lzcnt, tsc, tscinvbit, avx, avx2, aes, erms, clmul, bmi1, bmi2, adx, fma, vzeroupper, clflush, clflushopt

Memory: 4k page, system-wide physical 7986M (718M free)
TotalPageFile size 9880M (AvailPageFile size 19M)
current process WorkingSet (physical memory assigned to process): 73M, peak: 73M
current process commit charge ("private bytes"): 202M, peak: 203M

vm_info: OpenJDK 64-Bit Server VM (17.0.6+10) for windows-amd64 JRE (17.0.6+10), built on Jan 18 2023 10:08:59 by "temurin" with MS VC++ 16.7 (VS2019)

END.
